2025-03-12 15:04:46.714 [info] [main] Log level: Info
2025-03-12 15:04:46.714 [info] [main] Validating found git in: "git"
2025-03-12 15:04:46.714 [info] [main] Using git "2.43.0" from "git"
2025-03-12 15:04:46.714 [info] [Model][doInitialScan] Initial repository scan started
2025-03-12 15:04:46.714 [info] > git rev-parse --show-toplevel [51ms]
2025-03-12 15:04:46.714 [info] fatal: not a git repository (or any parent up to mount point /)
Stopping at filesystem boundary (GIT_DISCOVERY_ACROSS_FILESYSTEM not set).
2025-03-12 15:04:46.714 [info] > git rev-parse --show-toplevel [4ms]
2025-03-12 15:04:46.714 [info] fatal: not a git repository (or any parent up to mount point /)
Stopping at filesystem boundary (GIT_DISCOVERY_ACROSS_FILESYSTEM not set).
2025-03-12 15:04:46.714 [info] > git rev-parse --show-toplevel [2ms]
2025-03-12 15:04:46.714 [info] fatal: not a git repository (or any parent up to mount point /)
Stopping at filesystem boundary (GIT_DISCOVERY_ACROSS_FILESYSTEM not set).
2025-03-12 15:04:46.714 [info] > git rev-parse --show-toplevel [14ms]
2025-03-12 15:04:46.714 [info] fatal: not a git repository (or any parent up to mount point /)
Stopping at filesystem boundary (GIT_DISCOVERY_ACROSS_FILESYSTEM not set).
2025-03-12 15:04:46.714 [info] > git rev-parse --show-toplevel [2ms]
2025-03-12 15:04:46.714 [info] fatal: not a git repository (or any parent up to mount point /)
Stopping at filesystem boundary (GIT_DISCOVERY_ACROSS_FILESYSTEM not set).
2025-03-12 15:04:46.714 [info] > git rev-parse --show-toplevel [2ms]
2025-03-12 15:04:46.714 [info] fatal: not a git repository (or any parent up to mount point /)
Stopping at filesystem boundary (GIT_DISCOVERY_ACROSS_FILESYSTEM not set).
2025-03-12 15:04:46.714 [info] > git rev-parse --show-toplevel [2ms]
2025-03-12 15:04:46.714 [info] fatal: not a git repository (or any parent up to mount point /)
Stopping at filesystem boundary (GIT_DISCOVERY_ACROSS_FILESYSTEM not set).
2025-03-12 15:04:46.714 [info] > git rev-parse --show-toplevel [2ms]
2025-03-12 15:04:46.714 [info] fatal: not a git repository (or any parent up to mount point /)
Stopping at filesystem boundary (GIT_DISCOVERY_ACROSS_FILESYSTEM not set).
2025-03-12 15:04:46.714 [info] > git rev-parse --show-toplevel [2ms]
2025-03-12 15:04:46.715 [info] fatal: not a git repository (or any parent up to mount point /)
Stopping at filesystem boundary (GIT_DISCOVERY_ACROSS_FILESYSTEM not set).
2025-03-12 15:04:46.715 [info] > git rev-parse --show-toplevel [1ms]
2025-03-12 15:04:46.715 [info] fatal: not a git repository (or any parent up to mount point /)
Stopping at filesystem boundary (GIT_DISCOVERY_ACROSS_FILESYSTEM not set).
2025-03-12 15:04:46.715 [info] > git rev-parse --show-toplevel [1ms]
2025-03-12 15:04:46.715 [info] fatal: not a git repository (or any parent up to mount point /)
Stopping at filesystem boundary (GIT_DISCOVERY_ACROSS_FILESYSTEM not set).
2025-03-12 15:04:46.715 [info] > git rev-parse --show-toplevel [1ms]
2025-03-12 15:04:46.715 [info] fatal: not a git repository (or any parent up to mount point /)
Stopping at filesystem boundary (GIT_DISCOVERY_ACROSS_FILESYSTEM not set).
2025-03-12 15:04:46.715 [info] > git rev-parse --show-toplevel [2ms]
2025-03-12 15:04:46.715 [info] fatal: not a git repository (or any parent up to mount point /)
Stopping at filesystem boundary (GIT_DISCOVERY_ACROSS_FILESYSTEM not set).
2025-03-12 15:04:46.715 [info] > git rev-parse --show-toplevel [2ms]
2025-03-12 15:04:46.715 [info] fatal: not a git repository (or any parent up to mount point /)
Stopping at filesystem boundary (GIT_DISCOVERY_ACROSS_FILESYSTEM not set).
2025-03-12 15:04:46.715 [info] > git rev-parse --show-toplevel [4ms]
2025-03-12 15:04:46.715 [info] fatal: not a git repository (or any parent up to mount point /)
Stopping at filesystem boundary (GIT_DISCOVERY_ACROSS_FILESYSTEM not set).
2025-03-12 15:04:46.715 [info] [Model][doInitialScan] Initial repository scan completed - repositories (0), closed repositories (0), parent repositories (0), unsafe repositories (0)
2025-03-12 15:04:46.716 [info] > git rev-parse --show-toplevel [2ms]
2025-03-12 15:04:46.716 [info] fatal: not a git repository (or any parent up to mount point /)
Stopping at filesystem boundary (GIT_DISCOVERY_ACROSS_FILESYSTEM not set).
2025-03-12 15:04:51.884 [info] > git rev-parse --show-toplevel [34ms]
2025-03-12 15:04:51.884 [info] fatal: not a git repository (or any parent up to mount point /)
Stopping at filesystem boundary (GIT_DISCOVERY_ACROSS_FILESYSTEM not set).
2025-03-12 15:05:11.417 [info] > git rev-parse --show-toplevel [2ms]
2025-03-12 15:05:11.417 [info] fatal: not a git repository (or any parent up to mount point /)
Stopping at filesystem boundary (GIT_DISCOVERY_ACROSS_FILESYSTEM not set).
2025-03-12 15:11:56.558 [info] > git rev-parse --show-toplevel [10ms]
2025-03-12 15:11:56.558 [info] fatal: not a git repository (or any parent up to mount point /)
Stopping at filesystem boundary (GIT_DISCOVERY_ACROSS_FILESYSTEM not set).
2025-03-12 15:11:58.947 [info] > git rev-parse --show-toplevel [3ms]
2025-03-12 15:11:58.947 [info] fatal: not a git repository (or any parent up to mount point /)
Stopping at filesystem boundary (GIT_DISCOVERY_ACROSS_FILESYSTEM not set).
