2025-03-12 17:54:13.260 [info] Extension host with pid 1287 started
2025-03-12 17:54:13.270 [error] Error: EEXIST: file already exists, open '/home/jo_carlos_1776/.codeoss/data/User/workspaceStorage/5e015e6a/vscode.lock'
2025-03-12 17:54:13.289 [info] Lock '/home/jo_carlos_1776/.codeoss/data/User/workspaceStorage/5e015e6a/vscode.lock': Could not acquire lock, checking if the file is stale.
2025-03-12 17:54:13.290 [info] Lock '/home/jo_carlos_1776/.codeoss/data/User/workspaceStorage/5e015e6a/vscode.lock': The pid 4941 appears to be gone.
2025-03-12 17:54:13.290 [info] Lock '/home/jo_carlos_1776/.codeoss/data/User/workspaceStorage/5e015e6a/vscode.lock': Deleting a stale lock.
2025-03-12 17:54:13.298 [info] Lock '/home/jo_carlos_1776/.codeoss/data/User/workspaceStorage/5e015e6a/vscode.lock': Lock acquired.
2025-03-12 17:54:13.558 [info] ExtensionService#_doActivateExtension vscode.emmet, startup: false, activationEvent: 'onLanguage'
2025-03-12 17:54:14.559 [info] ExtensionService#_doActivateExtension vscode.git-base, startup: true, activationEvent: '*', root cause: vscode.git
2025-03-12 17:54:14.568 [info] ExtensionService#_doActivateExtension vscode.npm, startup: true, activationEvent: 'workspaceContains:package.json'
2025-03-12 17:54:15.889 [info] ExtensionService#_doActivateExtension vscode.git, startup: true, activationEvent: '*'
2025-03-12 17:54:15.889 [info] ExtensionService#_doActivateExtension vscode.github, startup: true, activationEvent: '*'
2025-03-12 17:54:16.356 [info] ExtensionService#_doActivateExtension redhat.fabric8-analytics, startup: true, activationEvent: 'workspaceContains:**/package.json,**/pom.xml,**/go.mod,**/requirements.txt,**/build.gradle,**/Dockerfile,**/Containerfile'
2025-03-12 17:54:16.975 [info] Eager extensions activated
2025-03-12 17:54:16.976 [info] ExtensionService#_doActivateExtension EditorConfig.EditorConfig, startup: false, activationEvent: 'onStartupFinished'
2025-03-12 17:54:16.976 [info] ExtensionService#_doActivateExtension google.cloud-shell, startup: false, activationEvent: 'onStartupFinished'
2025-03-12 17:54:16.976 [info] ExtensionService#_doActivateExtension google.geminicodeassist, startup: false, activationEvent: 'onStartupFinished', root cause: googlecloudtools.cloudcode
2025-03-12 17:54:16.977 [info] ExtensionService#_doActivateExtension vscode.debug-auto-launch, startup: false, activationEvent: 'onStartupFinished'
2025-03-12 17:54:16.978 [info] ExtensionService#_doActivateExtension vscode.merge-conflict, startup: false, activationEvent: 'onStartupFinished'
2025-03-12 17:54:18.847 [info] ExtensionService#_doActivateExtension vscode.configuration-editing, startup: false, activationEvent: 'onLanguage:jsonc'
2025-03-12 17:54:18.848 [info] ExtensionService#_doActivateExtension vscode.json-language-features, startup: false, activationEvent: 'onLanguage:jsonc'
2025-03-12 17:54:18.848 [info] ExtensionService#_doActivateExtension vscode.typescript-language-features, startup: false, activationEvent: 'onLanguage:jsonc'
2025-03-12 17:54:19.287 [info] ExtensionService#_doActivateExtension googlecloudtools.cloudcode, startup: false, activationEvent: 'onStartupFinished'
2025-03-12 17:54:25.585 [info] ExtensionService#_doActivateExtension vscode.extension-editing, startup: false, activationEvent: 'onLanguage:json'
