2025-02-17 22:34:36.794 [info] [main] Log level: Info
2025-02-17 22:34:36.794 [info] [main] Validating found git in: "git"
2025-02-17 22:34:36.794 [info] [main] Using git "2.43.0" from "git"
2025-02-17 22:34:36.794 [info] [Model][doInitialScan] Initial repository scan started
2025-02-17 22:34:36.794 [info] > git rev-parse --show-toplevel [2ms]
2025-02-17 22:34:36.794 [info] fatal: not a git repository (or any parent up to mount point /)
Stopping at filesystem boundary (GIT_DISCOVERY_ACROSS_FILESYSTEM not set).
2025-02-17 22:34:36.794 [info] > git rev-parse --show-toplevel [1ms]
2025-02-17 22:34:36.794 [info] fatal: not a git repository (or any parent up to mount point /)
Stopping at filesystem boundary (GIT_DISCOVERY_ACROSS_FILESYSTEM not set).
2025-02-17 22:34:36.794 [info] > git rev-parse --show-toplevel [2ms]
2025-02-17 22:34:36.794 [info] fatal: not a git repository (or any parent up to mount point /)
Stopping at filesystem boundary (GIT_DISCOVERY_ACROSS_FILESYSTEM not set).
2025-02-17 22:34:36.794 [info] > git rev-parse --show-toplevel [1ms]
2025-02-17 22:34:36.794 [info] fatal: not a git repository (or any parent up to mount point /)
Stopping at filesystem boundary (GIT_DISCOVERY_ACROSS_FILESYSTEM not set).
2025-02-17 22:34:36.794 [info] > git rev-parse --show-toplevel [1ms]
2025-02-17 22:34:36.794 [info] fatal: not a git repository (or any parent up to mount point /)
Stopping at filesystem boundary (GIT_DISCOVERY_ACROSS_FILESYSTEM not set).
2025-02-17 22:34:36.794 [info] > git rev-parse --show-toplevel [1ms]
2025-02-17 22:34:36.794 [info] fatal: not a git repository (or any parent up to mount point /)
Stopping at filesystem boundary (GIT_DISCOVERY_ACROSS_FILESYSTEM not set).
2025-02-17 22:34:36.794 [info] > git rev-parse --show-toplevel [1ms]
2025-02-17 22:34:36.794 [info] fatal: not a git repository (or any parent up to mount point /)
Stopping at filesystem boundary (GIT_DISCOVERY_ACROSS_FILESYSTEM not set).
2025-02-17 22:34:36.794 [info] > git rev-parse --show-toplevel [1ms]
2025-02-17 22:34:36.794 [info] fatal: not a git repository (or any parent up to mount point /)
Stopping at filesystem boundary (GIT_DISCOVERY_ACROSS_FILESYSTEM not set).
2025-02-17 22:34:36.794 [info] > git rev-parse --show-toplevel [1ms]
2025-02-17 22:34:36.794 [info] fatal: not a git repository (or any parent up to mount point /)
Stopping at filesystem boundary (GIT_DISCOVERY_ACROSS_FILESYSTEM not set).
2025-02-17 22:34:36.794 [info] > git rev-parse --show-toplevel [1ms]
2025-02-17 22:34:36.794 [info] > git rev-parse --git-dir --git-common-dir [1ms]
2025-02-17 22:34:36.794 [info] [Model][openRepository] Opened repository: /home/jo_carlos_1776/mxpfu-nodejsLabs
2025-02-17 22:34:36.794 [info] [Model][doInitialScan] Initial repository scan completed - repositories (1), closed repositories (0), parent repositories (0), unsafe repositories (0)
2025-02-17 22:34:36.794 [info] > git config --get commit.template [5ms]
2025-02-17 22:34:36.794 [info] > git for-each-ref --format=%(refname)%00%(upstream:short)%00%(objectname)%00%(upstream:track)%00%(upstream:remotename)%00%(upstream:remoteref) refs/heads/main refs/remotes/main [2ms]
2025-02-17 22:34:36.794 [warning] [Git][revParse] Unable to read file: ENOENT: no such file or directory, open '/home/jo_carlos_1776/mxpfu-nodejsLabs/.git/refs/remotes/origin/main'
2025-02-17 22:34:36.794 [info] > git rev-parse refs/remotes/origin/main [1ms]
2025-02-17 22:34:36.794 [info] > git for-each-ref --sort -committerdate --format %(refname) %(objectname) %(*objectname) [4ms]
2025-02-17 22:34:36.794 [info] > git status -z -uall [11ms]
2025-02-17 22:34:36.794 [info] > git for-each-ref --format=%(refname)%00%(upstream:short)%00%(objectname)%00%(upstream:track)%00%(upstream:remotename)%00%(upstream:remoteref) refs/heads/main refs/remotes/main [6ms]
2025-02-17 22:34:36.794 [info] > git config --get commit.template [4ms]
2025-02-17 22:34:36.794 [info] > git config --local branch.main.vscode-merge-base [3ms]
2025-02-17 22:34:36.794 [info] > git for-each-ref --format=%(refname)%00%(upstream:short)%00%(objectname)%00%(upstream:track)%00%(upstream:remotename)%00%(upstream:remoteref) refs/heads/main refs/remotes/main [4ms]
2025-02-17 22:34:36.794 [warning] [Git][revParse] Unable to read file: ENOENT: no such file or directory, open '/home/jo_carlos_1776/mxpfu-nodejsLabs/.git/refs/remotes/origin/main'
2025-02-17 22:34:36.794 [info] > git for-each-ref --format=%(refname)%00%(upstream:short)%00%(objectname)%00%(upstream:track)%00%(upstream:remotename)%00%(upstream:remoteref) refs/heads/origin/main refs/remotes/origin/main [4ms]
2025-02-17 22:34:36.794 [info] > git merge-base refs/heads/main refs/remotes/origin/main [10ms]
2025-02-17 22:34:36.794 [info] > git rev-parse refs/remotes/origin/main [16ms]
2025-02-17 22:34:36.794 [info] > git diff --name-status -z --diff-filter=ADMR c38675a990e0edcff2d97540f8f30cb474fc23ac...refs/remotes/origin/main [5ms]
2025-02-17 22:34:36.794 [info] > git status -z -uall [125ms]
2025-02-17 22:34:36.794 [info] > git for-each-ref --sort -committerdate --format %(refname) %(objectname) %(*objectname) [122ms]
2025-02-17 22:34:37.866 [info] > git check-ignore -v -z --stdin [2ms]
