Initializing document watcher...
Document watcher initialized
jo_carlos_1776/crm-frontend/src/pages/Sales.js: {}
/User/settings.json: Using EditorConfig core...
/User/settings.json: Using EditorConfig core...
jo_carlos_1776/crm-frontend/src/pages/Sales.js: {}
jo_carlos_1776/crm-frontend/src/services/api.js: {}
jo_carlos_1776/crm-frontend/src/services/api.js: {}
jo_carlos_1776/crm-frontend/src/services/api.js: {}
jo_carlos_1776/crm-frontend/src/services/api.js: {}
jo_carlos_1776/crm-frontend/src/services/api.js: {}
jo_carlos_1776/crm-frontend/src/services/api.js: {}
jo_carlos_1776/crm-frontend/src/components/Header.js: {}
jo_carlos_1776/crm-frontend/src/components/Header.js: {}
jo_carlos_1776/crm-frontend/src/components/Header.js: Using EditorConfig core...
jo_carlos_1776/crm-frontend/src/components/Header.js: {}
jo_carlos_1776/crm-frontend/src/components/CustomerCard.js: {}
jo_carlos_1776/crm-frontend/src/components/CustomerCard.js: Using EditorConfig core...
jo_carlos_1776/crm-frontend/src/components/CustomerCard.js: {}
jo_carlos_1776/crm-frontend/src/pages/Customers.js: {}
jo_carlos_1776/crm-frontend/src/pages/Customers.js: Using EditorConfig core...
jo_carlos_1776/crm-frontend/src/pages/Customers.js: {}
jo_carlos_1776/crm-frontend/src/App.js: {}
jo_carlos_1776/crm-frontend/src/App.js: Using EditorConfig core...
jo_carlos_1776/crm-frontend/src/App.js: {}
jo_carlos_1776/crm-frontend/src/App.js: {}
jo_carlos_1776/crm-frontend/src/App.js: {}
jo_carlos_1776/crm-frontend/package.json: {}
jo_carlos_1776/crm-frontend/package.json: {}
jo_carlos_1776/crm-frontend/package.json: {}
jo_carlos_1776/crm-frontend/package.json: Using EditorConfig core...
jo_carlos_1776/crm-frontend/package.json: Using EditorConfig core...
jo_carlos_1776/crm-frontend/package.json: Using EditorConfig core...
jo_carlos_1776/crm-frontend/package.json: Using EditorConfig core...
jo_carlos_1776/crm-frontend/package.json: {}
jo_carlos_1776/crm-frontend/package.json: {}
jo_carlos_1776/crm-frontend/package.json: {}
jo_carlos_1776/crm-frontend/src/pages/Customers.js: {}
jo_carlos_1776/crm-frontend/src/services/api.js: {}
jo_carlos_1776/crm-frontend/package.json: {}
jo_carlos_1776/crm-frontend/package.json: {}
jo_carlos_1776/crm-frontend/package.json: {}
jo_carlos_1776/crm-frontend/package.json: {}
jo_carlos_1776/crm-frontend/package.json: {}
jo_carlos_1776/crm-frontend/package.json: Using EditorConfig core...
jo_carlos_1776/crm-frontend/package.json: {}
jo_carlos_1776/crm-frontend/package.json: {}
jo_carlos_1776/crm-frontend/package.json: Using EditorConfig core...
jo_carlos_1776/crm-frontend/package.json: Using EditorConfig core...
jo_carlos_1776/crm-frontend/package.json: Using EditorConfig core...
