Initializing document watcher...
Document watcher initialized
/User/settings.json: Using EditorConfig core...
jo_carlos_1776/README-cloudshell.txt: {}
No more open editors.
jo_carlos_1776/estrutura.txt: {}
jo_carlos_1776/estrutura.txt: Using EditorConfig core...
jo_carlos_1776/estrutura.txt: {}
jo_carlos_1776/estrutura.txt: {}
jo_carlos_1776/estrutura.txt: {}
jo_carlos_1776/crm-frontend/src/components/Header.jsx: {}
jo_carlos_1776/crm-frontend/src/components/Header.jsx: Using EditorConfig core...
jo_carlos_1776/crm-frontend/src/components/Header.jsx: {}
jo_carlos_1776/crm-frontend/src/components/Header.js: {}
jo_carlos_1776/estrutura.txt: {}
jo_carlos_1776/estrutura.txt: {}
jo_carlos_1776/crm-frontend/src/components/CustomerCard.js: {}
jo_carlos_1776/crm-frontend/src/components/CustomerCard.js: Using EditorConfig core...
jo_carlos_1776/estrutura.txt: {}
jo_carlos_1776/estrutura.txt: {}
jo_carlos_1776/crm-frontend/src/pages/Customers.js: {}
jo_carlos_1776/crm-frontend/src/pages/Customers.js: Using EditorConfig core...
jo_carlos_1776/crm-frontend/src/pages/Customers.js: {}
jo_carlos_1776/crm-frontend/src/pages/Customers.js: {}
jo_carlos_1776/crm-frontend/src/App.js: {}
jo_carlos_1776/crm-frontend/src/App.js: Using EditorConfig core...
jo_carlos_1776/crm-frontend/src/App.js: {}
jo_carlos_1776/crm-frontend/src/App.js: Using EditorConfig core...
jo_carlos_1776/crm-frontend/src/App.js: {}
jo_carlos_1776/estrutura.txt: {}
jo_carlos_1776/estrutura.txt: {}
jo_carlos_1776/estrutura.txt: {}
jo_carlos_1776/crm-frontend/src/components/Sidebar.js: {}
jo_carlos_1776/estrutura.txt: {}
jo_carlos_1776/crm-frontend/src/pages/Dashboard.js: {}
jo_carlos_1776/estrutura.txt: {}
jo_carlos_1776/crm-frontend/src/pages/Sales.js: {}
jo_carlos_1776/estrutura.txt: {}
jo_carlos_1776/crm-frontend/src/services/api.js: {}
jo_carlos_1776/estrutura.txt: {}
jo_carlos_1776/crm-frontend/src/pages/Dashboard.js: {}
jo_carlos_1776/crm-frontend/src/pages/Dashboard.js: {}
jo_carlos_1776/crm-frontend/src/pages/Dashboard.js: Using EditorConfig core...
jo_carlos_1776/crm-frontend/src/pages/Dashboard.js: {}
jo_carlos_1776/estrutura.txt: {}
jo_carlos_1776/crm-frontend/src/components/CustomerCard.js: {}
jo_carlos_1776/estrutura.txt: {}
jo_carlos_1776/crm-frontend/src/pages/Sales.js: {}
jo_carlos_1776/crm-frontend/src/pages/Sales.js: Using EditorConfig core...
jo_carlos_1776/crm-frontend/src/pages/Sales.js: {}
jo_carlos_1776/crm-frontend/src/pages/Sales.js: {}
jo_carlos_1776/crm-frontend/src/pages/Sales.js: {}
jo_carlos_1776/crm-frontend/src/pages/Sales.js: {}
jo_carlos_1776/crm-frontend/src/pages/Sales.js: {}
jo_carlos_1776/crm-frontend/src/pages/Sales.js: {}
jo_carlos_1776/crm-frontend/src/pages/Sales.js: {}
jo_carlos_1776/crm-frontend/src/pages/Sales.js: {}
jo_carlos_1776/crm-frontend/src/pages/Sales.js: {}
jo_carlos_1776/backend/app.js: {}
jo_carlos_1776/backend/app.js: Using EditorConfig core...
jo_carlos_1776/backend/app.js: {}
jo_carlos_1776/backend/app.js: {}
jo_carlos_1776/backend/app.js: {}
jo_carlos_1776/backend/app.js: {}
jo_carlos_1776/backend/app.js: {}
jo_carlos_1776/backend/app.js: {}
jo_carlos_1776/backend/app.js: {}
jo_carlos_1776/backend/app.js: {}
