2025-03-12 13:14:05.824 [info] [main] Log level: Info
2025-03-12 13:14:05.824 [info] [main] Validating found git in: "git"
2025-03-12 13:14:05.824 [info] [main] Using git "2.43.0" from "git"
2025-03-12 13:14:05.824 [info] [Model][doInitialScan] Initial repository scan started
2025-03-12 13:14:05.824 [info] > git rev-parse --show-toplevel [4ms]
2025-03-12 13:14:05.824 [info] fatal: not a git repository (or any parent up to mount point /)
Stopping at filesystem boundary (GIT_DISCOVERY_ACROSS_FILESYSTEM not set).
2025-03-12 13:14:05.824 [info] > git rev-parse --show-toplevel [1ms]
2025-03-12 13:14:05.824 [info] fatal: not a git repository (or any parent up to mount point /)
Stopping at filesystem boundary (GIT_DISCOVERY_ACROSS_FILESYSTEM not set).
2025-03-12 13:14:05.824 [info] > git rev-parse --show-toplevel [3ms]
2025-03-12 13:14:05.824 [info] fatal: not a git repository (or any parent up to mount point /)
Stopping at filesystem boundary (GIT_DISCOVERY_ACROSS_FILESYSTEM not set).
2025-03-12 13:14:05.824 [info] > git rev-parse --show-toplevel [2ms]
2025-03-12 13:14:05.824 [info] fatal: not a git repository (or any parent up to mount point /)
Stopping at filesystem boundary (GIT_DISCOVERY_ACROSS_FILESYSTEM not set).
2025-03-12 13:14:05.824 [info] > git rev-parse --show-toplevel [2ms]
2025-03-12 13:14:05.824 [info] fatal: not a git repository (or any parent up to mount point /)
Stopping at filesystem boundary (GIT_DISCOVERY_ACROSS_FILESYSTEM not set).
2025-03-12 13:14:05.824 [info] > git rev-parse --show-toplevel [6ms]
2025-03-12 13:14:05.824 [info] fatal: not a git repository (or any parent up to mount point /)
Stopping at filesystem boundary (GIT_DISCOVERY_ACROSS_FILESYSTEM not set).
2025-03-12 13:14:05.824 [info] > git rev-parse --show-toplevel [581ms]
2025-03-12 13:14:05.824 [info] fatal: not a git repository (or any parent up to mount point /)
Stopping at filesystem boundary (GIT_DISCOVERY_ACROSS_FILESYSTEM not set).
2025-03-12 13:14:05.824 [info] > git rev-parse --show-toplevel [7ms]
2025-03-12 13:14:05.824 [info] fatal: not a git repository (or any parent up to mount point /)
Stopping at filesystem boundary (GIT_DISCOVERY_ACROSS_FILESYSTEM not set).
2025-03-12 13:14:05.825 [info] > git rev-parse --show-toplevel [4ms]
2025-03-12 13:14:05.825 [info] fatal: not a git repository (or any parent up to mount point /)
Stopping at filesystem boundary (GIT_DISCOVERY_ACROSS_FILESYSTEM not set).
2025-03-12 13:14:05.839 [info] > git rev-parse --show-toplevel [7ms]
2025-03-12 13:14:05.839 [info] fatal: not a git repository (or any parent up to mount point /)
Stopping at filesystem boundary (GIT_DISCOVERY_ACROSS_FILESYSTEM not set).
2025-03-12 13:14:05.856 [info] > git rev-parse --show-toplevel [7ms]
2025-03-12 13:14:05.856 [info] fatal: not a git repository (or any parent up to mount point /)
Stopping at filesystem boundary (GIT_DISCOVERY_ACROSS_FILESYSTEM not set).
2025-03-12 13:14:05.870 [info] > git rev-parse --show-toplevel [4ms]
2025-03-12 13:14:05.870 [info] fatal: not a git repository (or any parent up to mount point /)
Stopping at filesystem boundary (GIT_DISCOVERY_ACROSS_FILESYSTEM not set).
2025-03-12 13:14:05.881 [info] > git rev-parse --show-toplevel [5ms]
2025-03-12 13:14:05.881 [info] fatal: not a git repository (or any parent up to mount point /)
Stopping at filesystem boundary (GIT_DISCOVERY_ACROSS_FILESYSTEM not set).
2025-03-12 13:14:05.881 [info] [Model][doInitialScan] Initial repository scan completed - repositories (0), closed repositories (0), parent repositories (0), unsafe repositories (0)
2025-03-12 13:14:10.797 [info] > git rev-parse --show-toplevel [29ms]
2025-03-12 13:14:10.797 [info] fatal: not a git repository (or any parent up to mount point /)
Stopping at filesystem boundary (GIT_DISCOVERY_ACROSS_FILESYSTEM not set).
2025-03-12 13:14:18.652 [info] > git rev-parse --show-toplevel [5ms]
2025-03-12 13:14:18.652 [info] fatal: not a git repository (or any parent up to mount point /)
Stopping at filesystem boundary (GIT_DISCOVERY_ACROSS_FILESYSTEM not set).
