2025-03-12 01:57:27.317 [info] [main] Log level: Info
2025-03-12 01:57:27.317 [info] [main] Validating found git in: "git"
2025-03-12 01:57:27.317 [info] [main] Using git "2.43.0" from "git"
2025-03-12 01:57:27.317 [info] [Model][doInitialScan] Initial repository scan started
2025-03-12 01:57:27.317 [info] > git rev-parse --show-toplevel [3ms]
2025-03-12 01:57:27.317 [info] fatal: not a git repository (or any parent up to mount point /)
Stopping at filesystem boundary (GIT_DISCOVERY_ACROSS_FILESYSTEM not set).
2025-03-12 01:57:27.317 [info] > git rev-parse --show-toplevel [0ms]
2025-03-12 01:57:27.317 [info] fatal: not a git repository (or any parent up to mount point /)
Stopping at filesystem boundary (GIT_DISCOVERY_ACROSS_FILESYSTEM not set).
2025-03-12 01:57:27.317 [info] > git rev-parse --show-toplevel [1ms]
2025-03-12 01:57:27.317 [info] fatal: not a git repository (or any parent up to mount point /)
Stopping at filesystem boundary (GIT_DISCOVERY_ACROSS_FILESYSTEM not set).
2025-03-12 01:57:27.317 [info] > git rev-parse --show-toplevel [2ms]
2025-03-12 01:57:27.318 [info] fatal: not a git repository (or any parent up to mount point /)
Stopping at filesystem boundary (GIT_DISCOVERY_ACROSS_FILESYSTEM not set).
2025-03-12 01:57:27.318 [info] > git rev-parse --show-toplevel [1ms]
2025-03-12 01:57:27.318 [info] fatal: not a git repository (or any parent up to mount point /)
Stopping at filesystem boundary (GIT_DISCOVERY_ACROSS_FILESYSTEM not set).
2025-03-12 01:57:27.318 [info] > git rev-parse --show-toplevel [2ms]
2025-03-12 01:57:27.318 [info] fatal: not a git repository (or any parent up to mount point /)
Stopping at filesystem boundary (GIT_DISCOVERY_ACROSS_FILESYSTEM not set).
2025-03-12 01:57:27.318 [info] > git rev-parse --show-toplevel [2ms]
2025-03-12 01:57:27.318 [info] fatal: not a git repository (or any parent up to mount point /)
Stopping at filesystem boundary (GIT_DISCOVERY_ACROSS_FILESYSTEM not set).
2025-03-12 01:57:27.318 [info] > git rev-parse --show-toplevel [3ms]
2025-03-12 01:57:27.318 [info] fatal: not a git repository (or any parent up to mount point /)
Stopping at filesystem boundary (GIT_DISCOVERY_ACROSS_FILESYSTEM not set).
2025-03-12 01:57:27.318 [info] > git rev-parse --show-toplevel [2ms]
2025-03-12 01:57:27.318 [info] fatal: not a git repository (or any parent up to mount point /)
Stopping at filesystem boundary (GIT_DISCOVERY_ACROSS_FILESYSTEM not set).
2025-03-12 01:57:27.318 [info] > git rev-parse --show-toplevel [3ms]
2025-03-12 01:57:27.318 [info] fatal: not a git repository (or any parent up to mount point /)
Stopping at filesystem boundary (GIT_DISCOVERY_ACROSS_FILESYSTEM not set).
2025-03-12 01:57:27.318 [info] > git rev-parse --show-toplevel [2ms]
2025-03-12 01:57:27.318 [info] fatal: not a git repository (or any parent up to mount point /)
Stopping at filesystem boundary (GIT_DISCOVERY_ACROSS_FILESYSTEM not set).
2025-03-12 01:57:27.318 [info] > git rev-parse --show-toplevel [7ms]
2025-03-12 01:57:27.318 [info] fatal: not a git repository (or any parent up to mount point /)
Stopping at filesystem boundary (GIT_DISCOVERY_ACROSS_FILESYSTEM not set).
2025-03-12 01:57:27.318 [info] > git rev-parse --show-toplevel [2ms]
2025-03-12 01:57:27.318 [info] fatal: not a git repository (or any parent up to mount point /)
Stopping at filesystem boundary (GIT_DISCOVERY_ACROSS_FILESYSTEM not set).
2025-03-12 01:57:27.318 [info] > git rev-parse --show-toplevel [3ms]
2025-03-12 01:57:27.319 [info] > git rev-parse --git-dir --git-common-dir [3ms]
2025-03-12 01:57:27.346 [info] [Model][openRepository] Opened repository: /home/jo_carlos_1776/mxpfu-nodejsLabs
2025-03-12 01:57:27.349 [info] [Model][doInitialScan] Initial repository scan completed - repositories (1), closed repositories (0), parent repositories (0), unsafe repositories (0)
2025-03-12 01:57:27.756 [info] > git config --get commit.template [398ms]
2025-03-12 01:57:27.779 [info] > git for-each-ref --format=%(refname)%00%(upstream:short)%00%(objectname)%00%(upstream:track)%00%(upstream:remotename)%00%(upstream:remoteref) refs/heads/main refs/remotes/main [4ms]
2025-03-12 01:57:27.783 [warning] [Git][revParse] Unable to read file: ENOENT: no such file or directory, open '/home/jo_carlos_1776/mxpfu-nodejsLabs/.git/refs/remotes/origin/main'
2025-03-12 01:57:27.788 [info] > git rev-parse refs/remotes/origin/main [5ms]
2025-03-12 01:57:27.808 [info] > git status -z -uall [14ms]
2025-03-12 01:57:27.812 [info] > git for-each-ref --sort -committerdate --format %(refname) %(objectname) %(*objectname) [8ms]
2025-03-12 01:57:27.840 [info] > git for-each-ref --format=%(refname)%00%(upstream:short)%00%(objectname)%00%(upstream:track)%00%(upstream:remotename)%00%(upstream:remoteref) refs/heads/main refs/remotes/main [4ms]
2025-03-12 01:57:27.850 [info] > git config --local branch.main.vscode-merge-base [5ms]
2025-03-12 01:57:27.855 [info] > git config --get commit.template [5ms]
2025-03-12 01:57:27.859 [info] > git for-each-ref --format=%(refname)%00%(upstream:short)%00%(objectname)%00%(upstream:track)%00%(upstream:remotename)%00%(upstream:remoteref) refs/heads/origin/main refs/remotes/origin/main [5ms]
2025-03-12 01:57:27.874 [info] > git merge-base refs/heads/main refs/remotes/origin/main [10ms]
2025-03-12 01:57:27.878 [info] > git for-each-ref --format=%(refname)%00%(upstream:short)%00%(objectname)%00%(upstream:track)%00%(upstream:remotename)%00%(upstream:remoteref) refs/heads/main refs/remotes/main [20ms]
2025-03-12 01:57:27.883 [warning] [Git][revParse] Unable to read file: ENOENT: no such file or directory, open '/home/jo_carlos_1776/mxpfu-nodejsLabs/.git/refs/remotes/origin/main'
2025-03-12 01:57:27.884 [info] > git check-ignore -v -z --stdin [11ms]
2025-03-12 01:57:27.886 [info] > git rev-parse refs/remotes/origin/main [3ms]
2025-03-12 01:57:27.895 [info] > git diff --name-status -z --diff-filter=ADMR c38675a990e0edcff2d97540f8f30cb474fc23ac...refs/remotes/origin/main [17ms]
2025-03-12 01:57:27.900 [info] > git for-each-ref --sort -committerdate --format %(refname) %(objectname) %(*objectname) [5ms]
2025-03-12 01:57:27.903 [info] > git status -z -uall [14ms]
2025-03-12 01:57:30.676 [info] > git rev-parse --show-toplevel [4ms]
2025-03-12 01:57:30.676 [info] fatal: not a git repository (or any parent up to mount point /)
Stopping at filesystem boundary (GIT_DISCOVERY_ACROSS_FILESYSTEM not set).
2025-03-12 01:57:46.837 [info] > git config --get commit.template [10ms]
2025-03-12 01:57:46.838 [info] > git for-each-ref --format=%(refname)%00%(upstream:short)%00%(objectname)%00%(upstream:track)%00%(upstream:remotename)%00%(upstream:remoteref) refs/heads/main refs/remotes/main [2ms]
2025-03-12 01:57:46.846 [warning] [Git][revParse] Unable to read file: ENOENT: no such file or directory, open '/home/jo_carlos_1776/mxpfu-nodejsLabs/.git/refs/remotes/origin/main'
2025-03-12 01:57:46.848 [info] > git rev-parse refs/remotes/origin/main [2ms]
2025-03-12 01:57:46.867 [info] > git status -z -uall [11ms]
2025-03-12 01:57:46.871 [info] > git for-each-ref --sort -committerdate --format %(refname) %(objectname) %(*objectname) [5ms]
2025-03-12 01:57:54.652 [info] > git check-ignore -v -z --stdin [2ms]
2025-03-12 01:59:38.111 [info] > git rev-parse --show-toplevel [6ms]
2025-03-12 01:59:38.111 [info] fatal: not a git repository (or any parent up to mount point /)
Stopping at filesystem boundary (GIT_DISCOVERY_ACROSS_FILESYSTEM not set).
2025-03-12 01:59:54.419 [warning] [Git][getHEAD] Failed to parse HEAD file: ENOENT: no such file or directory, open '/home/jo_carlos_1776/mxpfu-nodejsLabs/.git/HEAD'
2025-03-12 01:59:54.431 [warning] [Git][getRemotes] Error: ENOENT: no such file or directory, open '/home/jo_carlos_1776/mxpfu-nodejsLabs/.git/config'
2025-03-12 01:59:54.456 [warning] [Git][getHEAD] Failed to parse HEAD file: ENOENT: no such file or directory, open '/home/jo_carlos_1776/mxpfu-nodejsLabs/.git/HEAD'
2025-03-12 01:59:54.468 [warning] [Git][getRemotes] Error: ENOENT: no such file or directory, open '/home/jo_carlos_1776/mxpfu-nodejsLabs/.git/config'
2025-03-12 02:00:13.477 [info] > git rev-parse --show-toplevel [28ms]
2025-03-12 02:00:13.477 [info] fatal: not a git repository (or any parent up to mount point /)
Stopping at filesystem boundary (GIT_DISCOVERY_ACROSS_FILESYSTEM not set).
2025-03-12 02:00:26.716 [warning] [Model][getRepositoryExact] Failed to get repository realpath for: "/home/jo_carlos_1776/crm-frontend/node_modules/resolve/". Error:Error: ENOENT: no such file or directory, realpath '/home/jo_carlos_1776/crm-frontend/node_modules/resolve/'
2025-03-12 02:00:26.724 [warning] [Model][getRepositoryExact] Failed to get repository realpath for: "/home/jo_carlos_1776/crm-backend/node_modules/has-symbols/". Error:Error: ENOENT: no such file or directory, realpath '/home/jo_carlos_1776/crm-backend/node_modules/has-symbols/'
2025-03-12 02:00:26.731 [warning] [Model][getRepositoryExact] Failed to get repository realpath for: "/home/jo_carlos_1776/crm-frontend/node_modules/bfj/". Error:Error: ENOENT: no such file or directory, realpath '/home/jo_carlos_1776/crm-frontend/node_modules/bfj/'
2025-03-12 02:00:26.738 [warning] [Model][getRepositoryExact] Failed to get repository realpath for: "/home/jo_carlos_1776/crm-frontend/node_modules/iconv-lite/". Error:Error: ENOENT: no such file or directory, realpath '/home/jo_carlos_1776/crm-frontend/node_modules/iconv-lite/'
2025-03-12 02:00:26.745 [warning] [Model][getRepositoryExact] Failed to get repository realpath for: "/home/jo_carlos_1776/crm-frontend/node_modules/has-symbols/". Error:Error: ENOENT: no such file or directory, realpath '/home/jo_carlos_1776/crm-frontend/node_modules/has-symbols/'
2025-03-12 02:00:26.751 [warning] [Model][getRepositoryExact] Failed to get repository realpath for: "/home/jo_carlos_1776/crm-backend/node_modules/object-inspect/". Error:Error: ENOENT: no such file or directory, realpath '/home/jo_carlos_1776/crm-backend/node_modules/object-inspect/'
2025-03-12 02:00:26.757 [warning] [Model][getRepositoryExact] Failed to get repository realpath for: "/home/jo_carlos_1776/crm-frontend/node_modules/jsx-ast-utils/". Error:Error: ENOENT: no such file or directory, realpath '/home/jo_carlos_1776/crm-frontend/node_modules/jsx-ast-utils/'
2025-03-12 02:00:26.765 [warning] [Model][getRepositoryExact] Failed to get repository realpath for: "/home/jo_carlos_1776/crm-frontend/node_modules/object-inspect/". Error:Error: ENOENT: no such file or directory, realpath '/home/jo_carlos_1776/crm-frontend/node_modules/object-inspect/'
2025-03-12 02:00:26.772 [warning] [Model][getRepositoryExact] Failed to get repository realpath for: "/home/jo_carlos_1776/crm-frontend/node_modules/fast-uri/". Error:Error: ENOENT: no such file or directory, realpath '/home/jo_carlos_1776/crm-frontend/node_modules/fast-uri/'
2025-03-12 02:00:26.779 [warning] [Model][getRepositoryExact] Failed to get repository realpath for: "/home/jo_carlos_1776/crm-frontend/node_modules/has-tostringtag/". Error:Error: ENOENT: no such file or directory, realpath '/home/jo_carlos_1776/crm-frontend/node_modules/has-tostringtag/'
2025-03-12 02:00:26.785 [warning] [Model][getRepositoryExact] Failed to get repository realpath for: "/home/jo_carlos_1776/crm-frontend/node_modules/http-proxy/". Error:Error: ENOENT: no such file or directory, realpath '/home/jo_carlos_1776/crm-frontend/node_modules/http-proxy/'
2025-03-12 02:00:26.792 [warning] [Model][getRepositoryExact] Failed to get repository realpath for: "/home/jo_carlos_1776/crm-frontend/node_modules/es-iterator-helpers/". Error:Error: ENOENT: no such file or directory, realpath '/home/jo_carlos_1776/crm-frontend/node_modules/es-iterator-helpers/'
2025-03-12 02:00:26.798 [warning] [Model][getRepositoryExact] Failed to get repository realpath for: "/home/jo_carlos_1776/crm-frontend/node_modules/fastq/". Error:Error: ENOENT: no such file or directory, realpath '/home/jo_carlos_1776/crm-frontend/node_modules/fastq/'
2025-03-12 02:00:26.806 [warning] [Model][getRepositoryExact] Failed to get repository realpath for: "/home/jo_carlos_1776/crm-frontend/node_modules/reusify/". Error:Error: ENOENT: no such file or directory, realpath '/home/jo_carlos_1776/crm-frontend/node_modules/reusify/'
2025-03-12 02:00:26.813 [warning] [Model][getRepositoryExact] Failed to get repository realpath for: "/home/jo_carlos_1776/crm-frontend/node_modules/util.promisify/". Error:Error: ENOENT: no such file or directory, realpath '/home/jo_carlos_1776/crm-frontend/node_modules/util.promisify/'
2025-03-12 02:00:28.283 [warning] [Model][getRepositoryExact] Failed to get repository realpath for: "/home/jo_carlos_1776/crm-frontend/node_modules/string.prototype.includes/". Error:Error: ENOENT: no such file or directory, realpath '/home/jo_carlos_1776/crm-frontend/node_modules/string.prototype.includes/'
2025-03-12 02:00:28.290 [warning] [Model][getRepositoryExact] Failed to get repository realpath for: "/home/jo_carlos_1776/crm-frontend/node_modules/babel-preset-current-node-syntax/". Error:Error: ENOENT: no such file or directory, realpath '/home/jo_carlos_1776/crm-frontend/node_modules/babel-preset-current-node-syntax/'
2025-03-12 02:01:07.981 [info] > git rev-parse --show-toplevel [4ms]
2025-03-12 02:01:07.981 [info] fatal: not a git repository (or any parent up to mount point /)
Stopping at filesystem boundary (GIT_DISCOVERY_ACROSS_FILESYSTEM not set).
2025-03-12 02:01:33.656 [info] > git rev-parse --show-toplevel [1ms]
2025-03-12 02:01:33.656 [info] fatal: not a git repository (or any parent up to mount point /)
Stopping at filesystem boundary (GIT_DISCOVERY_ACROSS_FILESYSTEM not set).
2025-03-12 02:01:33.672 [info] > git rev-parse --show-toplevel [3ms]
2025-03-12 02:01:33.672 [info] fatal: not a git repository (or any parent up to mount point /)
Stopping at filesystem boundary (GIT_DISCOVERY_ACROSS_FILESYSTEM not set).
2025-03-12 02:01:33.683 [info] > git rev-parse --show-toplevel [2ms]
2025-03-12 02:01:33.683 [info] fatal: not a git repository (or any parent up to mount point /)
Stopping at filesystem boundary (GIT_DISCOVERY_ACROSS_FILESYSTEM not set).
2025-03-12 02:01:33.696 [info] > git rev-parse --show-toplevel [3ms]
2025-03-12 02:01:33.696 [info] fatal: not a git repository (or any parent up to mount point /)
Stopping at filesystem boundary (GIT_DISCOVERY_ACROSS_FILESYSTEM not set).
2025-03-12 02:01:33.713 [info] > git rev-parse --show-toplevel [3ms]
2025-03-12 02:01:33.713 [info] fatal: not a git repository (or any parent up to mount point /)
Stopping at filesystem boundary (GIT_DISCOVERY_ACROSS_FILESYSTEM not set).
2025-03-12 02:01:43.024 [info] > git rev-parse --show-toplevel [2ms]
2025-03-12 02:01:43.033 [info] > git rev-parse --git-dir --git-common-dir [2ms]
2025-03-12 02:01:43.043 [info] [Model][openRepository] Opened repository: /home/jo_carlos_1776/crm-frontend
2025-03-12 02:01:43.102 [info] > git config --get commit.template [50ms]
2025-03-12 02:01:43.103 [info] [Git][getRemotes] No remotes found in the git config file
2025-03-12 02:01:43.112 [info] > git for-each-ref --format=%(refname)%00%(upstream:short)%00%(objectname)%00%(upstream:track)%00%(upstream:remotename)%00%(upstream:remoteref) refs/heads/master refs/remotes/master [2ms]
2025-03-12 02:01:43.112 [warning] [Git][getBranch] No such branch: master
2025-03-12 02:01:43.128 [info] > git status -z -uall [9ms]
2025-03-12 02:01:43.129 [info] > git for-each-ref --sort -committerdate --format %(refname) %(objectname) %(*objectname) [3ms]
2025-03-12 02:01:43.160 [info] > git for-each-ref --format=%(refname)%00%(upstream:short)%00%(objectname)%00%(upstream:track)%00%(upstream:remotename)%00%(upstream:remoteref) refs/heads/master refs/remotes/master [19ms]
2025-03-12 02:01:43.160 [warning] [Git][getBranch] No such branch: master
2025-03-12 02:01:43.161 [error] [GitHistoryProvider][resolveHEADMergeBase] Failed to resolve merge base for master: Error: No such branch: master.
2025-03-12 02:01:43.162 [info] > git config --get commit.template [3ms]
2025-03-12 02:01:43.171 [info] [Git][getRemotes] No remotes found in the git config file
2025-03-12 02:01:43.172 [info] > git for-each-ref --format=%(refname)%00%(upstream:short)%00%(objectname)%00%(upstream:track)%00%(upstream:remotename)%00%(upstream:remoteref) refs/heads/master refs/remotes/master [2ms]
2025-03-12 02:01:43.172 [warning] [Git][getBranch] No such branch: master
2025-03-12 02:01:43.186 [info] > git status -z -uall [7ms]
2025-03-12 02:01:43.187 [info] > git for-each-ref --sort -committerdate --format %(refname) %(objectname) %(*objectname) [2ms]
2025-03-12 02:01:45.566 [info] > git check-ignore -v -z --stdin [2ms]
2025-03-12 02:01:52.056 [info] > git check-ignore -v -z --stdin [23ms]
2025-03-12 02:01:57.916 [warning] [Git][getHEAD] Failed to parse HEAD file: ENOENT: no such file or directory, open '/home/jo_carlos_1776/crm-frontend/.git/HEAD'
2025-03-12 02:01:57.923 [warning] [Git][getRemotes] Error: ENOENT: no such file or directory, open '/home/jo_carlos_1776/crm-frontend/.git/config'
2025-03-12 02:01:57.932 [info] > git remote --verbose [9ms]
2025-03-12 02:01:57.932 [info] fatal: not a git repository (or any parent up to mount point /)
Stopping at filesystem boundary (GIT_DISCOVERY_ACROSS_FILESYSTEM not set).
2025-03-12 02:01:57.934 [info] > git symbolic-ref --short HEAD [18ms]
2025-03-12 02:01:57.934 [info] fatal: not a git repository (or any parent up to mount point /)
Stopping at filesystem boundary (GIT_DISCOVERY_ACROSS_FILESYSTEM not set).
2025-03-12 02:01:57.947 [warning] [Git][getHEAD] Failed to parse HEAD file: ENOENT: no such file or directory, open '/home/jo_carlos_1776/crm-frontend/.git/HEAD'
2025-03-12 02:01:57.953 [warning] [Git][getRemotes] Error: ENOENT: no such file or directory, open '/home/jo_carlos_1776/crm-frontend/.git/config'
2025-03-12 02:01:57.961 [info] > git config --get commit.template [30ms]
2025-03-12 02:01:57.962 [info] > git remote --verbose [9ms]
2025-03-12 02:01:57.962 [info] fatal: not a git repository (or any parent up to mount point /)
Stopping at filesystem boundary (GIT_DISCOVERY_ACROSS_FILESYSTEM not set).
2025-03-12 02:01:57.965 [info] > git symbolic-ref --short HEAD [18ms]
2025-03-12 02:01:57.965 [info] fatal: not a git repository (or any parent up to mount point /)
Stopping at filesystem boundary (GIT_DISCOVERY_ACROSS_FILESYSTEM not set).
2025-03-12 02:01:57.972 [info] > git rev-parse HEAD [32ms]
2025-03-12 02:01:57.972 [info] fatal: not a git repository (or any parent up to mount point /)
Stopping at filesystem boundary (GIT_DISCOVERY_ACROSS_FILESYSTEM not set).
2025-03-12 02:01:57.973 [info] > git config --get commit.template [12ms]
2025-03-12 02:01:57.973 [info] > git rev-parse HEAD [2ms]
2025-03-12 02:01:57.973 [info] fatal: not a git repository (or any parent up to mount point /)
Stopping at filesystem boundary (GIT_DISCOVERY_ACROSS_FILESYSTEM not set).
2025-03-12 02:02:27.824 [info] > git rev-parse --show-toplevel [3ms]
2025-03-12 02:02:27.825 [info] fatal: not a git repository (or any parent up to mount point /)
Stopping at filesystem boundary (GIT_DISCOVERY_ACROSS_FILESYSTEM not set).
2025-03-12 02:02:44.799 [info] > git rev-parse --show-toplevel [31ms]
2025-03-12 02:02:44.799 [info] fatal: not a git repository (or any parent up to mount point /)
Stopping at filesystem boundary (GIT_DISCOVERY_ACROSS_FILESYSTEM not set).
2025-03-12 02:03:07.920 [info] > git rev-parse --show-toplevel [7ms]
2025-03-12 02:03:07.920 [info] fatal: not a git repository (or any parent up to mount point /)
Stopping at filesystem boundary (GIT_DISCOVERY_ACROSS_FILESYSTEM not set).
2025-03-12 02:03:10.742 [info] > git rev-parse --show-toplevel [3ms]
2025-03-12 02:03:10.742 [info] fatal: not a git repository (or any parent up to mount point /)
Stopping at filesystem boundary (GIT_DISCOVERY_ACROSS_FILESYSTEM not set).
2025-03-12 02:03:22.714 [info] > git rev-parse --show-toplevel [3ms]
2025-03-12 02:03:22.714 [info] fatal: not a git repository (or any parent up to mount point /)
Stopping at filesystem boundary (GIT_DISCOVERY_ACROSS_FILESYSTEM not set).
2025-03-12 02:03:41.992 [info] > git rev-parse --show-toplevel [3ms]
2025-03-12 02:03:41.992 [info] fatal: not a git repository (or any parent up to mount point /)
Stopping at filesystem boundary (GIT_DISCOVERY_ACROSS_FILESYSTEM not set).
2025-03-12 02:04:10.015 [info] > git rev-parse --show-toplevel [2ms]
2025-03-12 02:04:10.015 [info] fatal: not a git repository (or any parent up to mount point /)
Stopping at filesystem boundary (GIT_DISCOVERY_ACROSS_FILESYSTEM not set).
2025-03-12 02:05:55.188 [info] > git rev-parse --show-toplevel [3ms]
2025-03-12 02:05:55.188 [info] fatal: not a git repository (or any parent up to mount point /)
Stopping at filesystem boundary (GIT_DISCOVERY_ACROSS_FILESYSTEM not set).
2025-03-12 02:06:21.256 [info] > git rev-parse --show-toplevel [2ms]
2025-03-12 02:06:21.256 [info] fatal: not a git repository (or any parent up to mount point /)
Stopping at filesystem boundary (GIT_DISCOVERY_ACROSS_FILESYSTEM not set).
2025-03-12 02:06:31.363 [info] > git rev-parse --show-toplevel [4ms]
2025-03-12 02:06:31.364 [info] fatal: not a git repository (or any parent up to mount point /)
Stopping at filesystem boundary (GIT_DISCOVERY_ACROSS_FILESYSTEM not set).
2025-03-12 02:06:45.890 [info] > git rev-parse --show-toplevel [3ms]
2025-03-12 02:06:45.890 [info] fatal: not a git repository (or any parent up to mount point /)
Stopping at filesystem boundary (GIT_DISCOVERY_ACROSS_FILESYSTEM not set).
2025-03-12 02:06:54.798 [info] > git rev-parse --show-toplevel [23ms]
2025-03-12 02:06:54.798 [info] fatal: not a git repository (or any parent up to mount point /)
Stopping at filesystem boundary (GIT_DISCOVERY_ACROSS_FILESYSTEM not set).
2025-03-12 02:06:56.087 [info] > git rev-parse --show-toplevel [3ms]
2025-03-12 02:06:56.087 [info] fatal: not a git repository (or any parent up to mount point /)
Stopping at filesystem boundary (GIT_DISCOVERY_ACROSS_FILESYSTEM not set).
2025-03-12 02:07:04.573 [info] > git rev-parse --show-toplevel [3ms]
2025-03-12 02:07:04.573 [info] fatal: not a git repository (or any parent up to mount point /)
Stopping at filesystem boundary (GIT_DISCOVERY_ACROSS_FILESYSTEM not set).
2025-03-12 02:07:20.829 [info] > git rev-parse --show-toplevel [4ms]
2025-03-12 02:07:20.829 [info] fatal: not a git repository (or any parent up to mount point /)
Stopping at filesystem boundary (GIT_DISCOVERY_ACROSS_FILESYSTEM not set).
2025-03-12 02:07:22.431 [info] > git rev-parse --show-toplevel [2ms]
2025-03-12 02:07:22.431 [info] fatal: not a git repository (or any parent up to mount point /)
Stopping at filesystem boundary (GIT_DISCOVERY_ACROSS_FILESYSTEM not set).
2025-03-12 02:07:31.035 [info] > git rev-parse --show-toplevel [2ms]
2025-03-12 02:07:31.035 [info] fatal: not a git repository (or any parent up to mount point /)
Stopping at filesystem boundary (GIT_DISCOVERY_ACROSS_FILESYSTEM not set).
2025-03-12 02:07:44.390 [info] > git rev-parse --show-toplevel [3ms]
2025-03-12 02:07:44.390 [info] fatal: not a git repository (or any parent up to mount point /)
Stopping at filesystem boundary (GIT_DISCOVERY_ACROSS_FILESYSTEM not set).
2025-03-12 02:07:49.647 [info] > git rev-parse --show-toplevel [3ms]
2025-03-12 02:07:49.647 [info] fatal: not a git repository (or any parent up to mount point /)
Stopping at filesystem boundary (GIT_DISCOVERY_ACROSS_FILESYSTEM not set).
2025-03-12 02:07:50.221 [info] > git rev-parse --show-toplevel [3ms]
2025-03-12 02:07:50.221 [info] fatal: not a git repository (or any parent up to mount point /)
Stopping at filesystem boundary (GIT_DISCOVERY_ACROSS_FILESYSTEM not set).
2025-03-12 02:07:53.090 [info] > git rev-parse --show-toplevel [6ms]
2025-03-12 02:07:53.090 [info] fatal: not a git repository (or any parent up to mount point /)
Stopping at filesystem boundary (GIT_DISCOVERY_ACROSS_FILESYSTEM not set).
2025-03-12 02:20:56.953 [info] > git rev-parse --show-toplevel [2ms]
2025-03-12 02:20:56.953 [info] fatal: not a git repository (or any parent up to mount point /)
Stopping at filesystem boundary (GIT_DISCOVERY_ACROSS_FILESYSTEM not set).
2025-03-12 02:27:14.570 [info] > git rev-parse --show-toplevel [2ms]
2025-03-12 02:27:14.570 [info] fatal: not a git repository (or any parent up to mount point /)
Stopping at filesystem boundary (GIT_DISCOVERY_ACROSS_FILESYSTEM not set).
2025-03-12 02:27:14.579 [info] > git rev-parse --show-toplevel [1ms]
2025-03-12 02:27:14.579 [info] fatal: not a git repository (or any parent up to mount point /)
Stopping at filesystem boundary (GIT_DISCOVERY_ACROSS_FILESYSTEM not set).
2025-03-12 02:27:14.597 [info] > git rev-parse --show-toplevel [11ms]
2025-03-12 02:27:14.597 [info] fatal: not a git repository (or any parent up to mount point /)
Stopping at filesystem boundary (GIT_DISCOVERY_ACROSS_FILESYSTEM not set).
2025-03-12 02:27:14.606 [info] > git rev-parse --show-toplevel [2ms]
2025-03-12 02:27:14.606 [info] fatal: not a git repository (or any parent up to mount point /)
Stopping at filesystem boundary (GIT_DISCOVERY_ACROSS_FILESYSTEM not set).
2025-03-12 02:27:14.615 [info] > git rev-parse --show-toplevel [1ms]
2025-03-12 02:27:14.615 [info] fatal: not a git repository (or any parent up to mount point /)
Stopping at filesystem boundary (GIT_DISCOVERY_ACROSS_FILESYSTEM not set).
2025-03-12 02:27:14.622 [info] > git rev-parse --show-toplevel [1ms]
2025-03-12 02:27:14.623 [info] fatal: not a git repository (or any parent up to mount point /)
Stopping at filesystem boundary (GIT_DISCOVERY_ACROSS_FILESYSTEM not set).
2025-03-12 02:27:14.631 [info] > git rev-parse --show-toplevel [2ms]
2025-03-12 02:27:14.631 [info] fatal: not a git repository (or any parent up to mount point /)
Stopping at filesystem boundary (GIT_DISCOVERY_ACROSS_FILESYSTEM not set).
2025-03-12 02:27:14.639 [info] > git rev-parse --show-toplevel [2ms]
2025-03-12 02:27:14.639 [info] fatal: not a git repository (or any parent up to mount point /)
Stopping at filesystem boundary (GIT_DISCOVERY_ACROSS_FILESYSTEM not set).
2025-03-12 02:27:14.647 [info] > git rev-parse --show-toplevel [2ms]
2025-03-12 02:27:14.647 [info] fatal: not a git repository (or any parent up to mount point /)
Stopping at filesystem boundary (GIT_DISCOVERY_ACROSS_FILESYSTEM not set).
2025-03-12 02:27:14.655 [info] > git rev-parse --show-toplevel [1ms]
2025-03-12 02:27:14.655 [info] fatal: not a git repository (or any parent up to mount point /)
Stopping at filesystem boundary (GIT_DISCOVERY_ACROSS_FILESYSTEM not set).
2025-03-12 02:27:14.664 [info] > git rev-parse --show-toplevel [1ms]
2025-03-12 02:27:14.664 [info] fatal: not a git repository (or any parent up to mount point /)
Stopping at filesystem boundary (GIT_DISCOVERY_ACROSS_FILESYSTEM not set).
2025-03-12 02:27:14.672 [info] > git rev-parse --show-toplevel [1ms]
2025-03-12 02:27:14.672 [info] fatal: not a git repository (or any parent up to mount point /)
Stopping at filesystem boundary (GIT_DISCOVERY_ACROSS_FILESYSTEM not set).
2025-03-12 02:27:14.681 [info] > git rev-parse --show-toplevel [1ms]
2025-03-12 02:27:14.681 [info] fatal: not a git repository (or any parent up to mount point /)
Stopping at filesystem boundary (GIT_DISCOVERY_ACROSS_FILESYSTEM not set).
2025-03-12 02:27:15.110 [info] > git rev-parse --show-toplevel [1ms]
2025-03-12 02:27:15.110 [info] fatal: not a git repository (or any parent up to mount point /)
Stopping at filesystem boundary (GIT_DISCOVERY_ACROSS_FILESYSTEM not set).
2025-03-12 02:27:15.118 [info] > git rev-parse --show-toplevel [2ms]
2025-03-12 02:27:15.118 [info] fatal: not a git repository (or any parent up to mount point /)
Stopping at filesystem boundary (GIT_DISCOVERY_ACROSS_FILESYSTEM not set).
2025-03-12 02:27:15.126 [info] > git rev-parse --show-toplevel [1ms]
2025-03-12 02:27:15.126 [info] fatal: not a git repository (or any parent up to mount point /)
Stopping at filesystem boundary (GIT_DISCOVERY_ACROSS_FILESYSTEM not set).
2025-03-12 02:27:15.134 [info] > git rev-parse --show-toplevel [1ms]
2025-03-12 02:27:15.134 [info] fatal: not a git repository (or any parent up to mount point /)
Stopping at filesystem boundary (GIT_DISCOVERY_ACROSS_FILESYSTEM not set).
2025-03-12 02:27:15.142 [info] > git rev-parse --show-toplevel [1ms]
2025-03-12 02:27:15.142 [info] fatal: not a git repository (or any parent up to mount point /)
Stopping at filesystem boundary (GIT_DISCOVERY_ACROSS_FILESYSTEM not set).
2025-03-12 02:27:15.150 [info] > git rev-parse --show-toplevel [1ms]
2025-03-12 02:27:15.150 [info] fatal: not a git repository (or any parent up to mount point /)
Stopping at filesystem boundary (GIT_DISCOVERY_ACROSS_FILESYSTEM not set).
2025-03-12 02:27:34.527 [info] > git rev-parse --show-toplevel [2ms]
2025-03-12 02:27:34.527 [info] fatal: not a git repository (or any parent up to mount point /)
Stopping at filesystem boundary (GIT_DISCOVERY_ACROSS_FILESYSTEM not set).
