2025-03-12 13:22:24.496 [info] [main] Log level: Info
2025-03-12 13:22:24.496 [info] [main] Validating found git in: "git"
2025-03-12 13:22:24.496 [info] [main] Using git "2.43.0" from "git"
2025-03-12 13:22:24.496 [info] [Model][doInitialScan] Initial repository scan started
2025-03-12 13:22:24.496 [info] > git rev-parse --show-toplevel [2ms]
2025-03-12 13:22:24.496 [info] fatal: not a git repository (or any parent up to mount point /)
Stopping at filesystem boundary (GIT_DISCOVERY_ACROSS_FILESYSTEM not set).
2025-03-12 13:22:24.496 [info] > git rev-parse --show-toplevel [2ms]
2025-03-12 13:22:24.496 [info] fatal: not a git repository (or any parent up to mount point /)
Stopping at filesystem boundary (GIT_DISCOVERY_ACROSS_FILESYSTEM not set).
2025-03-12 13:22:24.496 [info] > git rev-parse --show-toplevel [2ms]
2025-03-12 13:22:24.496 [info] fatal: not a git repository (or any parent up to mount point /)
Stopping at filesystem boundary (GIT_DISCOVERY_ACROSS_FILESYSTEM not set).
2025-03-12 13:22:24.496 [info] > git rev-parse --show-toplevel [263ms]
2025-03-12 13:22:24.496 [info] fatal: not a git repository (or any parent up to mount point /)
Stopping at filesystem boundary (GIT_DISCOVERY_ACROSS_FILESYSTEM not set).
2025-03-12 13:22:24.496 [info] > git rev-parse --show-toplevel [4ms]
2025-03-12 13:22:24.496 [info] fatal: not a git repository (or any parent up to mount point /)
Stopping at filesystem boundary (GIT_DISCOVERY_ACROSS_FILESYSTEM not set).
2025-03-12 13:22:24.496 [info] > git rev-parse --show-toplevel [2ms]
2025-03-12 13:22:24.497 [info] fatal: not a git repository (or any parent up to mount point /)
Stopping at filesystem boundary (GIT_DISCOVERY_ACROSS_FILESYSTEM not set).
2025-03-12 13:22:24.503 [info] > git rev-parse --show-toplevel [2ms]
2025-03-12 13:22:24.503 [info] fatal: not a git repository (or any parent up to mount point /)
Stopping at filesystem boundary (GIT_DISCOVERY_ACROSS_FILESYSTEM not set).
2025-03-12 13:22:24.508 [info] > git rev-parse --show-toplevel [2ms]
2025-03-12 13:22:24.508 [info] fatal: not a git repository (or any parent up to mount point /)
Stopping at filesystem boundary (GIT_DISCOVERY_ACROSS_FILESYSTEM not set).
2025-03-12 13:22:24.514 [info] > git rev-parse --show-toplevel [1ms]
2025-03-12 13:22:24.514 [info] fatal: not a git repository (or any parent up to mount point /)
Stopping at filesystem boundary (GIT_DISCOVERY_ACROSS_FILESYSTEM not set).
2025-03-12 13:22:24.519 [info] > git rev-parse --show-toplevel [2ms]
2025-03-12 13:22:24.519 [info] fatal: not a git repository (or any parent up to mount point /)
Stopping at filesystem boundary (GIT_DISCOVERY_ACROSS_FILESYSTEM not set).
2025-03-12 13:22:24.525 [info] > git rev-parse --show-toplevel [2ms]
2025-03-12 13:22:24.525 [info] fatal: not a git repository (or any parent up to mount point /)
Stopping at filesystem boundary (GIT_DISCOVERY_ACROSS_FILESYSTEM not set).
2025-03-12 13:22:24.531 [info] > git rev-parse --show-toplevel [1ms]
2025-03-12 13:22:24.531 [info] fatal: not a git repository (or any parent up to mount point /)
Stopping at filesystem boundary (GIT_DISCOVERY_ACROSS_FILESYSTEM not set).
2025-03-12 13:22:24.536 [info] > git rev-parse --show-toplevel [1ms]
2025-03-12 13:22:24.536 [info] fatal: not a git repository (or any parent up to mount point /)
Stopping at filesystem boundary (GIT_DISCOVERY_ACROSS_FILESYSTEM not set).
2025-03-12 13:22:24.536 [info] [Model][doInitialScan] Initial repository scan completed - repositories (0), closed repositories (0), parent repositories (0), unsafe repositories (0)
2025-03-12 13:22:29.524 [info] > git rev-parse --show-toplevel [3ms]
2025-03-12 13:22:29.525 [info] fatal: not a git repository (or any parent up to mount point /)
Stopping at filesystem boundary (GIT_DISCOVERY_ACROSS_FILESYSTEM not set).
