2025-03-11 21:50:01.630 [info] [main] Log level: Info
2025-03-11 21:50:01.630 [info] [main] Validating found git in: "git"
2025-03-11 21:50:01.630 [info] [main] Using git "2.43.0" from "git"
2025-03-11 21:50:01.630 [info] [Model][doInitialScan] Initial repository scan started
2025-03-11 21:50:01.630 [info] > git rev-parse --show-toplevel [410ms]
2025-03-11 21:50:01.630 [info] fatal: not a git repository (or any parent up to mount point /)
Stopping at filesystem boundary (GIT_DISCOVERY_ACROSS_FILESYSTEM not set).
2025-03-11 21:50:01.630 [info] > git rev-parse --show-toplevel [18ms]
2025-03-11 21:50:01.630 [info] fatal: not a git repository (or any parent up to mount point /)
Stopping at filesystem boundary (GIT_DISCOVERY_ACROSS_FILESYSTEM not set).
2025-03-11 21:50:01.659 [info] > git rev-parse --show-toplevel [10ms]
2025-03-11 21:50:01.660 [info] fatal: not a git repository (or any parent up to mount point /)
Stopping at filesystem boundary (GIT_DISCOVERY_ACROSS_FILESYSTEM not set).
2025-03-11 21:50:01.671 [info] > git rev-parse --show-toplevel [5ms]
2025-03-11 21:50:01.671 [info] fatal: not a git repository (or any parent up to mount point /)
Stopping at filesystem boundary (GIT_DISCOVERY_ACROSS_FILESYSTEM not set).
2025-03-11 21:50:01.682 [info] > git rev-parse --show-toplevel [5ms]
2025-03-11 21:50:01.682 [info] fatal: not a git repository (or any parent up to mount point /)
Stopping at filesystem boundary (GIT_DISCOVERY_ACROSS_FILESYSTEM not set).
2025-03-11 21:50:01.699 [info] > git rev-parse --show-toplevel [5ms]
2025-03-11 21:50:01.699 [info] fatal: not a git repository (or any parent up to mount point /)
Stopping at filesystem boundary (GIT_DISCOVERY_ACROSS_FILESYSTEM not set).
2025-03-11 21:50:03.231 [info] > git rev-parse --show-toplevel [1524ms]
2025-03-11 21:50:03.231 [info] fatal: not a git repository (or any parent up to mount point /)
Stopping at filesystem boundary (GIT_DISCOVERY_ACROSS_FILESYSTEM not set).
2025-03-11 21:50:03.246 [info] > git rev-parse --show-toplevel [7ms]
2025-03-11 21:50:03.246 [info] fatal: not a git repository (or any parent up to mount point /)
Stopping at filesystem boundary (GIT_DISCOVERY_ACROSS_FILESYSTEM not set).
2025-03-11 21:50:03.254 [info] > git rev-parse --show-toplevel [2ms]
2025-03-11 21:50:03.254 [info] fatal: not a git repository (or any parent up to mount point /)
Stopping at filesystem boundary (GIT_DISCOVERY_ACROSS_FILESYSTEM not set).
2025-03-11 21:50:03.259 [info] > git rev-parse --show-toplevel [2ms]
2025-03-11 21:50:03.259 [info] fatal: not a git repository (or any parent up to mount point /)
Stopping at filesystem boundary (GIT_DISCOVERY_ACROSS_FILESYSTEM not set).
2025-03-11 21:50:03.265 [info] > git rev-parse --show-toplevel [2ms]
2025-03-11 21:50:03.265 [info] fatal: not a git repository (or any parent up to mount point /)
Stopping at filesystem boundary (GIT_DISCOVERY_ACROSS_FILESYSTEM not set).
2025-03-11 21:50:03.270 [info] > git rev-parse --show-toplevel [2ms]
2025-03-11 21:50:03.271 [info] fatal: not a git repository (or any parent up to mount point /)
Stopping at filesystem boundary (GIT_DISCOVERY_ACROSS_FILESYSTEM not set).
2025-03-11 21:50:03.276 [info] > git rev-parse --show-toplevel [1ms]
2025-03-11 21:50:03.276 [info] fatal: not a git repository (or any parent up to mount point /)
Stopping at filesystem boundary (GIT_DISCOVERY_ACROSS_FILESYSTEM not set).
2025-03-11 21:50:03.282 [info] > git rev-parse --show-toplevel [2ms]
2025-03-11 21:50:03.289 [info] > git rev-parse --git-dir --git-common-dir [3ms]
2025-03-11 21:50:03.307 [info] [Model][openRepository] Opened repository: /home/jo_carlos_1776/mxpfu-nodejsLabs
2025-03-11 21:50:03.308 [info] [Model][doInitialScan] Initial repository scan completed - repositories (1), closed repositories (0), parent repositories (0), unsafe repositories (0)
2025-03-11 21:50:03.319 [info] > git config --get commit.template [6ms]
2025-03-11 21:50:03.321 [info] > git for-each-ref --format=%(refname)%00%(upstream:short)%00%(objectname)%00%(upstream:track)%00%(upstream:remotename)%00%(upstream:remoteref) refs/heads/main refs/remotes/main [3ms]
2025-03-11 21:50:03.325 [warning] [Git][revParse] Unable to read file: ENOENT: no such file or directory, open '/home/jo_carlos_1776/mxpfu-nodejsLabs/.git/refs/remotes/origin/main'
2025-03-11 21:50:03.327 [info] > git rev-parse refs/remotes/origin/main [2ms]
2025-03-11 21:50:03.340 [info] > git for-each-ref --sort -committerdate --format %(refname) %(objectname) %(*objectname) [3ms]
2025-03-11 21:50:03.344 [info] > git status -z -uall [13ms]
2025-03-11 21:50:03.377 [info] > git for-each-ref --format=%(refname)%00%(upstream:short)%00%(objectname)%00%(upstream:track)%00%(upstream:remotename)%00%(upstream:remoteref) refs/heads/main refs/remotes/main [9ms]
2025-03-11 21:50:03.383 [info] > git config --get commit.template [7ms]
2025-03-11 21:50:03.388 [info] > git config --local branch.main.vscode-merge-base [6ms]
2025-03-11 21:50:03.394 [info] > git for-each-ref --format=%(refname)%00%(upstream:short)%00%(objectname)%00%(upstream:track)%00%(upstream:remotename)%00%(upstream:remoteref) refs/heads/main refs/remotes/main [7ms]
2025-03-11 21:50:03.398 [warning] [Git][revParse] Unable to read file: ENOENT: no such file or directory, open '/home/jo_carlos_1776/mxpfu-nodejsLabs/.git/refs/remotes/origin/main'
2025-03-11 21:50:03.579 [info] > git rev-parse refs/remotes/origin/main [182ms]
2025-03-11 21:50:03.589 [info] > git for-each-ref --format=%(refname)%00%(upstream:short)%00%(objectname)%00%(upstream:track)%00%(upstream:remotename)%00%(upstream:remoteref) refs/heads/origin/main refs/remotes/origin/main [196ms]
2025-03-11 21:50:03.608 [info] > git status -z -uall [25ms]
2025-03-11 21:50:03.609 [info] > git merge-base refs/heads/main refs/remotes/origin/main [15ms]
2025-03-11 21:50:03.614 [info] > git for-each-ref --sort -committerdate --format %(refname) %(objectname) %(*objectname) [26ms]
2025-03-11 21:50:03.633 [info] > git diff --name-status -z --diff-filter=ADMR c38675a990e0edcff2d97540f8f30cb474fc23ac...refs/remotes/origin/main [19ms]
2025-03-11 21:50:03.635 [info] > git merge-base refs/heads/main refs/remotes/origin/main [5ms]
2025-03-11 21:50:03.641 [info] > git diff --name-status -z --diff-filter=ADMR c38675a990e0edcff2d97540f8f30cb474fc23ac...refs/remotes/origin/main [3ms]
2025-03-11 21:50:04.113 [info] > git check-ignore -v -z --stdin [2ms]
2025-03-11 21:50:06.942 [info] > git rev-parse --show-toplevel [4ms]
2025-03-11 21:50:06.942 [info] fatal: not a git repository (or any parent up to mount point /)
Stopping at filesystem boundary (GIT_DISCOVERY_ACROSS_FILESYSTEM not set).
2025-03-11 21:50:07.713 [info] > git rev-parse --show-toplevel [5ms]
2025-03-11 21:50:07.713 [info] fatal: not a git repository (or any parent up to mount point /)
Stopping at filesystem boundary (GIT_DISCOVERY_ACROSS_FILESYSTEM not set).
2025-03-11 21:50:23.499 [info] > git rev-parse --show-toplevel [5ms]
2025-03-11 21:50:23.499 [info] fatal: not a git repository (or any parent up to mount point /)
Stopping at filesystem boundary (GIT_DISCOVERY_ACROSS_FILESYSTEM not set).
2025-03-11 21:51:52.013 [info] > git rev-parse --show-toplevel [7ms]
2025-03-11 21:51:52.013 [info] fatal: not a git repository (or any parent up to mount point /)
Stopping at filesystem boundary (GIT_DISCOVERY_ACROSS_FILESYSTEM not set).
2025-03-11 21:52:02.022 [info] > git rev-parse --show-toplevel [4ms]
2025-03-11 21:52:02.023 [info] fatal: not a git repository (or any parent up to mount point /)
Stopping at filesystem boundary (GIT_DISCOVERY_ACROSS_FILESYSTEM not set).
2025-03-11 21:52:12.525 [info] > git rev-parse --show-toplevel [2ms]
2025-03-11 21:52:12.525 [info] fatal: not a git repository (or any parent up to mount point /)
Stopping at filesystem boundary (GIT_DISCOVERY_ACROSS_FILESYSTEM not set).
2025-03-11 21:52:29.056 [info] > git rev-parse --show-toplevel [2ms]
2025-03-11 21:52:29.056 [info] fatal: not a git repository (or any parent up to mount point /)
Stopping at filesystem boundary (GIT_DISCOVERY_ACROSS_FILESYSTEM not set).
2025-03-11 21:56:00.502 [info] > git rev-parse --show-toplevel [62ms]
2025-03-11 21:56:00.502 [info] fatal: not a git repository (or any parent up to mount point /)
Stopping at filesystem boundary (GIT_DISCOVERY_ACROSS_FILESYSTEM not set).
2025-03-11 21:56:13.244 [info] > git config --get commit.template [10ms]
2025-03-11 21:56:13.246 [info] > git for-each-ref --format=%(refname)%00%(upstream:short)%00%(objectname)%00%(upstream:track)%00%(upstream:remotename)%00%(upstream:remoteref) refs/heads/main refs/remotes/main [3ms]
2025-03-11 21:56:13.253 [warning] [Git][revParse] Unable to read file: ENOENT: no such file or directory, open '/home/jo_carlos_1776/mxpfu-nodejsLabs/.git/refs/remotes/origin/main'
2025-03-11 21:56:13.255 [info] > git rev-parse refs/remotes/origin/main [2ms]
2025-03-11 21:56:13.276 [info] > git status -z -uall [13ms]
2025-03-11 21:56:13.279 [info] > git for-each-ref --sort -committerdate --format %(refname) %(objectname) %(*objectname) [5ms]
2025-03-12 00:58:29.593 [info] > git rev-parse --show-toplevel [8ms]
2025-03-12 00:58:29.593 [info] fatal: not a git repository (or any parent up to mount point /)
Stopping at filesystem boundary (GIT_DISCOVERY_ACROSS_FILESYSTEM not set).
2025-03-12 00:58:33.113 [info] > git rev-parse --show-toplevel [2ms]
2025-03-12 00:58:33.113 [info] fatal: not a git repository (or any parent up to mount point /)
Stopping at filesystem boundary (GIT_DISCOVERY_ACROSS_FILESYSTEM not set).
2025-03-12 00:58:43.960 [info] > git check-ignore -v -z --stdin [2ms]
2025-03-12 00:58:45.743 [info] > git check-ignore -v -z --stdin [3ms]
2025-03-12 00:58:48.320 [info] > git check-ignore -v -z --stdin [2ms]
2025-03-12 00:58:48.850 [info] > git check-ignore -v -z --stdin [2ms]
2025-03-12 00:58:51.038 [info] > git check-ignore -v -z --stdin [2ms]
2025-03-12 00:59:03.237 [info] > git rev-parse --show-toplevel [6ms]
2025-03-12 00:59:03.237 [info] fatal: not a git repository (or any parent up to mount point /)
Stopping at filesystem boundary (GIT_DISCOVERY_ACROSS_FILESYSTEM not set).
