Initializing document watcher...
Document watcher initialized
/User/settings.json: Using EditorConfig core...
jo_carlos_1776/README-cloudshell.txt: {}
jo_carlos_1776/README-cloudshell.txt: {}
jo_carlos_1776/README-cloudshell.txt: {}
jo_carlos_1776/README-cloudshell.txt: {}
jo_carlos_1776/README-cloudshell.txt: {}
jo_carlos_1776/README-cloudshell.txt: {}
jo_carlos_1776/README-cloudshell.txt: {}
jo_carlos_1776/README-cloudshell.txt: {}
jo_carlos_1776/README-cloudshell.txt: {}
jo_carlos_1776/README-cloudshell.txt: {}
jo_carlos_1776/README-cloudshell.txt: {}
jo_carlos_1776/README-cloudshell.txt: {}
jo_carlos_1776/mxpfu-nodejsLabs/routes/users.js: {}
jo_carlos_1776/mxpfu-nodejsLabs/routes/users.js: {}
jo_carlos_1776/mxpfu-nodejsLabs/routes/users.js: {}
jo_carlos_1776/mxpfu-nodejsLabs/routes/users.js: {}
jo_carlos_1776/mxpfu-nodejsLabs/routes/users.js: {}
jo_carlos_1776/mxpfu-nodejsLabs/routes/users.js: {}
jo_carlos_1776/mxpfu-nodejsLabs/routes/users.js: {}
jo_carlos_1776/mxpfu-nodejsLabs/routes/users.js: {}
jo_carlos_1776/mxpfu-nodejsLabs/routes/users.js: Using EditorConfig core...
jo_carlos_1776/mxpfu-nodejsLabs/routes/users.js: {}
jo_carlos_1776/mxpfu-nodejsLabs/routes/users.js: Using EditorConfig core...
jo_carlos_1776/mxpfu-nodejsLabs/routes/users.js: {}
jo_carlos_1776/mxpfu-nodejsLabs/routes/users.js: {}
jo_carlos_1776/mxpfu-nodejsLabs/routes/users.js: {}
jo_carlos_1776/mxpfu-nodejsLabs/routes/users.js: Using EditorConfig core...
