0 verbose cli /usr/local/nvm/versions/node/v22.14.0/bin/node /usr/local/nvm/versions/node/v22.14.0/bin/npm
1 info using npm@11.2.0
2 info using node@v22.14.0
3 silly config load:file:/usr/local/nvm/versions/node/v22.14.0/lib/node_modules/npm/npmrc
4 silly config load:file:/home/jo_carlos_1776/.npmrc
5 silly config load:file:/home/jo_carlos_1776/etc/npmrc
6 verbose title npm i
7 verbose argv "i" "--package-lock-only" "--prefix" "/home/jo_carlos_1776"
8 verbose logfile logs-max:10 dir:/home/jo_carlos_1776/.npm/_logs/2025-03-12T17_54_25_821Z-
9 verbose logfile /home/jo_carlos_1776/.npm/_logs/2025-03-12T17_54_25_821Z-debug-0.log
10 silly logfile start cleaning logs, removing 1 files
11 silly packumentCache heap:2197815296 maxSize:549453824 maxEntrySize:274726912
12 silly logfile done cleaning log files
13 silly idealTree buildDeps
14 silly audit bulk request {
14 silly audit   'aws-ssl-profiles': [ '1.1.2' ],
14 silly audit   denque: [ '2.1.0' ],
14 silly audit   'generate-function': [ '2.3.1' ],
14 silly audit   'iconv-lite': [ '0.6.3' ],
14 silly audit   'is-property': [ '1.0.2' ],
14 silly audit   long: [ '5.3.1' ],
14 silly audit   'lru-cache': [ '7.18.3' ],
14 silly audit   'lru.min': [ '1.1.2' ],
14 silly audit   mysql2: [ '3.13.0' ],
14 silly audit   'named-placeholders': [ '1.1.3' ],
14 silly audit   'safer-buffer': [ '2.1.2' ],
14 silly audit   'seq-queue': [ '0.0.5' ],
14 silly audit   sqlstring: [ '2.3.3' ]
14 silly audit }
15 http fetch POST 200 https://registry.npmjs.org/-/npm/v1/security/advisories/bulk 298ms
16 silly audit report {}
17 verbose cwd /home/jo_carlos_1776
18 verbose os Linux 6.6.72+
19 verbose node v22.14.0
20 verbose npm  v11.2.0
21 verbose exit 0
22 info ok
