0 verbose cli /usr/local/nvm/versions/node/v22.14.0/bin/node /usr/local/nvm/versions/node/v22.14.0/bin/npm
1 info using npm@11.2.0
2 info using node@v22.14.0
3 silly config load:file:/usr/local/nvm/versions/node/v22.14.0/lib/node_modules/npm/npmrc
4 silly config load:file:/home/jo_carlos_1776/backend/.npmrc
5 silly config load:file:/home/jo_carlos_1776/.npmrc
6 silly config load:file:/home/jo_carlos_1776/backend/etc/npmrc
7 verbose title npm ls
8 verbose argv "ls" "--omit" "dev" "--package-lock-only" "--json" "--prefix" "/home/jo_carlos_1776/backend"
9 verbose logfile logs-max:10 dir:/home/jo_carlos_1776/.npm/_logs/2025-03-12T17_54_29_388Z-
10 verbose logfile /home/jo_carlos_1776/.npm/_logs/2025-03-12T17_54_29_388Z-debug-0.log
11 silly logfile start cleaning logs, removing 1 files
12 silly packumentCache heap:2197815296 maxSize:549453824 maxEntrySize:274726912
13 silly logfile done cleaning log files
14 verbose cwd /home/jo_carlos_1776
15 verbose os Linux 6.6.72+
16 verbose node v22.14.0
17 verbose npm  v11.2.0
18 verbose exit 0
19 info ok
