0 verbose cli /usr/local/nvm/versions/node/v22.14.0/bin/node /usr/local/nvm/versions/node/v22.14.0/bin/npm
1 info using npm@11.2.0
2 info using node@v22.14.0
3 silly config load:file:/usr/local/nvm/versions/node/v22.14.0/lib/node_modules/npm/npmrc
4 silly config load:file:/home/jo_carlos_1776/backend/.npmrc
5 silly config load:file:/home/jo_carlos_1776/.npmrc
6 silly config load:file:/home/jo_carlos_1776/backend/etc/npmrc
7 verbose title npm i
8 verbose argv "i" "--package-lock-only" "--prefix" "/home/jo_carlos_1776/backend"
9 verbose logfile logs-max:10 dir:/home/jo_carlos_1776/.npm/_logs/2025-03-12T17_54_27_954Z-
10 verbose logfile /home/jo_carlos_1776/.npm/_logs/2025-03-12T17_54_27_954Z-debug-0.log
11 silly logfile start cleaning logs, removing 1 files
12 silly logfile done cleaning log files
13 silly packumentCache heap:2197815296 maxSize:549453824 maxEntrySize:274726912
14 silly idealTree buildDeps
15 silly audit bulk request {
15 silly audit   '@fastify/busboy': [ '3.1.1' ],
15 silly audit   '@firebase/app-check-interop-types': [ '0.3.3' ],
15 silly audit   '@firebase/app-types': [ '0.9.3' ],
15 silly audit   '@firebase/auth-interop-types': [ '0.2.4' ],
15 silly audit   '@firebase/component': [ '0.6.13' ],
15 silly audit   '@firebase/database': [ '1.0.13' ],
15 silly audit   '@firebase/database-compat': [ '2.0.4' ],
15 silly audit   '@firebase/database-types': [ '1.0.9' ],
15 silly audit   '@firebase/logger': [ '0.4.4' ],
15 silly audit   '@firebase/util': [ '1.11.0' ],
15 silly audit   '@google-cloud/firestore': [ '7.11.0' ],
15 silly audit   '@google-cloud/paginator': [ '5.0.2' ],
15 silly audit   '@google-cloud/projectify': [ '4.0.0' ],
15 silly audit   '@google-cloud/promisify': [ '4.1.0' ],
15 silly audit   '@google-cloud/storage': [ '7.15.2' ],
15 silly audit   mime: [ '3.0.0', '1.6.0' ],
15 silly audit   uuid: [ '8.3.2', '9.0.1', '11.1.0' ],
15 silly audit   '@grpc/grpc-js': [ '1.13.0' ],
15 silly audit   '@grpc/proto-loader': [ '0.7.13' ],
15 silly audit   '@js-sdsl/ordered-map': [ '4.4.2' ],
15 silly audit   '@opentelemetry/api': [ '1.9.0' ],
15 silly audit   '@protobufjs/aspromise': [ '1.1.2' ],
15 silly audit   '@protobufjs/base64': [ '1.1.2' ],
15 silly audit   '@protobufjs/codegen': [ '2.0.4' ],
15 silly audit   '@protobufjs/eventemitter': [ '1.1.0' ],
15 silly audit   '@protobufjs/fetch': [ '1.1.0' ],
15 silly audit   '@protobufjs/float': [ '1.0.2' ],
15 silly audit   '@protobufjs/inquire': [ '1.1.0' ],
15 silly audit   '@protobufjs/path': [ '1.1.2' ],
15 silly audit   '@protobufjs/pool': [ '1.1.0' ],
15 silly audit   '@protobufjs/utf8': [ '1.1.0' ],
15 silly audit   '@tootallnate/once': [ '2.0.0' ],
15 silly audit   '@types/body-parser': [ '1.19.5' ],
15 silly audit   '@types/caseless': [ '0.12.5' ],
15 silly audit   '@types/connect': [ '3.4.38' ],
15 silly audit   '@types/express': [ '4.17.21' ],
15 silly audit   '@types/express-serve-static-core': [ '4.19.6' ],
15 silly audit   '@types/http-errors': [ '2.0.4' ],
15 silly audit   '@types/jsonwebtoken': [ '9.0.9' ],
15 silly audit   '@types/long': [ '4.0.2' ],
15 silly audit   '@types/mime': [ '1.3.5' ],
15 silly audit   '@types/ms': [ '2.1.0' ],
15 silly audit   '@types/node': [ '22.13.10' ],
15 silly audit   '@types/qs': [ '6.9.18' ],
15 silly audit   '@types/range-parser': [ '1.2.7' ],
15 silly audit   '@types/request': [ '2.48.12' ],
15 silly audit   '@types/send': [ '0.17.4' ],
15 silly audit   '@types/serve-static': [ '1.15.7' ],
15 silly audit   '@types/tough-cookie': [ '4.0.5' ],
15 silly audit   'abort-controller': [ '3.0.0' ],
15 silly audit   accepts: [ '1.3.8' ],
15 silly audit   'agent-base': [ '7.1.3', '6.0.2' ],
15 silly audit   'ansi-regex': [ '5.0.1' ],
15 silly audit   'ansi-styles': [ '4.3.0' ],
15 silly audit   anymatch: [ '3.1.3' ],
15 silly audit   'array-flatten': [ '1.1.1' ],
15 silly audit   arrify: [ '2.0.1' ],
15 silly audit   'async-retry': [ '1.3.3' ],
15 silly audit   asynckit: [ '0.4.0' ],
15 silly audit   'aws-ssl-profiles': [ '1.1.2' ],
15 silly audit   'balanced-match': [ '1.0.2' ],
15 silly audit   'base64-js': [ '1.5.1' ],
15 silly audit   'bignumber.js': [ '9.1.2' ],
15 silly audit   'binary-extensions': [ '2.3.0' ],
15 silly audit   'body-parser': [ '1.20.3' ],
15 silly audit   'brace-expansion': [ '1.1.11' ],
15 silly audit   braces: [ '3.0.3' ],
15 silly audit   'buffer-equal-constant-time': [ '1.0.1' ],
15 silly audit   bytes: [ '3.1.2' ],
15 silly audit   'call-bind-apply-helpers': [ '1.0.2' ],
15 silly audit   'call-bound': [ '1.0.4' ],
15 silly audit   chokidar: [ '3.6.0' ],
15 silly audit   cliui: [ '8.0.1' ],
15 silly audit   'color-convert': [ '2.0.1' ],
15 silly audit   'color-name': [ '1.1.4' ],
15 silly audit   'combined-stream': [ '1.0.8' ],
15 silly audit   'concat-map': [ '0.0.1' ],
15 silly audit   'content-disposition': [ '0.5.4' ],
15 silly audit   'content-type': [ '1.0.5' ],
15 silly audit   cookie: [ '0.7.1' ],
15 silly audit   'cookie-signature': [ '1.0.6' ],
15 silly audit   debug: [ '2.6.9', '4.4.0', '3.2.7' ],
15 silly audit   'delayed-stream': [ '1.0.0' ],
15 silly audit   denque: [ '2.1.0' ],
15 silly audit   depd: [ '2.0.0' ],
15 silly audit   destroy: [ '1.2.0' ],
15 silly audit   dotenv: [ '16.4.7' ],
15 silly audit   'dunder-proto': [ '1.0.1' ],
15 silly audit   duplexify: [ '4.1.3' ],
15 silly audit   'ecdsa-sig-formatter': [ '1.0.11' ],
15 silly audit   'ee-first': [ '1.1.1' ],
15 silly audit   'emoji-regex': [ '8.0.0' ],
15 silly audit   encodeurl: [ '2.0.0', '1.0.2' ],
15 silly audit   'end-of-stream': [ '1.4.4' ],
15 silly audit   'es-define-property': [ '1.0.1' ],
15 silly audit   'es-errors': [ '1.3.0' ],
15 silly audit   'es-object-atoms': [ '1.1.1' ],
15 silly audit   'es-set-tostringtag': [ '2.1.0' ],
15 silly audit   escalade: [ '3.2.0' ],
15 silly audit   'escape-html': [ '1.0.3' ],
15 silly audit   etag: [ '1.8.1' ],
15 silly audit   'event-target-shim': [ '5.0.1' ],
15 silly audit   express: [ '4.21.2' ],
15 silly audit   extend: [ '3.0.2' ],
15 silly audit   'farmhash-modern': [ '1.1.0' ],
15 silly audit   'fast-deep-equal': [ '3.1.3' ],
15 silly audit   'fast-xml-parser': [ '4.5.3' ],
15 silly audit   'faye-websocket': [ '0.11.4' ],
15 silly audit   'fill-range': [ '7.1.1' ],
15 silly audit   finalhandler: [ '1.3.1' ],
15 silly audit   'firebase-admin': [ '13.2.0' ],
15 silly audit   'form-data': [ '2.5.3' ],
15 silly audit   forwarded: [ '0.2.0' ],
15 silly audit   fresh: [ '0.5.2' ],
15 silly audit   fsevents: [ '2.3.3' ],
15 silly audit   'function-bind': [ '1.1.2' ],
15 silly audit   'functional-red-black-tree': [ '1.0.1' ],
15 silly audit   gaxios: [ '6.7.1' ],
15 silly audit   'gcp-metadata': [ '6.1.1' ],
15 silly audit   'generate-function': [ '2.3.1' ],
15 silly audit   'get-caller-file': [ '2.0.5' ],
15 silly audit   'get-intrinsic': [ '1.3.0' ],
15 silly audit   'get-proto': [ '1.0.1' ],
15 silly audit   'glob-parent': [ '5.1.2' ],
15 silly audit   'google-auth-library': [ '9.15.1' ],
15 silly audit   'google-gax': [ '4.4.1' ],
15 silly audit   'google-logging-utils': [ '0.0.2' ],
15 silly audit   gopd: [ '1.2.0' ],
15 silly audit   gtoken: [ '7.1.0' ],
15 silly audit   'has-flag': [ '3.0.0' ],
15 silly audit   'has-symbols': [ '1.1.0' ],
15 silly audit   'has-tostringtag': [ '1.0.2' ],
15 silly audit   hasown: [ '2.0.2' ],
15 silly audit   'html-entities': [ '2.5.2' ],
15 silly audit   'http-errors': [ '2.0.0' ],
15 silly audit   'http-parser-js': [ '0.5.9' ],
15 silly audit   'http-proxy-agent': [ '5.0.0' ],
15 silly audit   ms: [ '2.1.3', '2.0.0' ],
15 silly audit   'https-proxy-agent': [ '7.0.6', '5.0.1' ],
15 silly audit   'iconv-lite': [ '0.4.24', '0.6.3' ],
15 silly audit   'ignore-by-default': [ '1.0.1' ],
15 silly audit   inherits: [ '2.0.4' ],
15 silly audit   'ipaddr.js': [ '1.9.1' ],
15 silly audit   'is-binary-path': [ '2.1.0' ],
15 silly audit   'is-extglob': [ '2.1.1' ],
15 silly audit   'is-fullwidth-code-point': [ '3.0.0' ],
15 silly audit   'is-glob': [ '4.0.3' ],
15 silly audit   'is-number': [ '7.0.0' ],
15 silly audit   'is-property': [ '1.0.2' ],
15 silly audit   'is-stream': [ '2.0.1' ],
15 silly audit   jose: [ '4.15.9' ],
15 silly audit   'json-bigint': [ '1.0.0' ],
15 silly audit   jsonwebtoken: [ '9.0.2' ],
15 silly audit   jwa: [ '1.4.1', '2.0.0' ],
15 silly audit   jws: [ '3.2.2', '4.0.0' ],
15 silly audit   semver: [ '7.7.1', '5.7.2', '7.0.0' ],
15 silly audit   'jwks-rsa': [ '3.1.0' ],
15 silly audit   limiter: [ '1.1.5' ],
15 silly audit   'lodash.camelcase': [ '4.3.0' ],
15 silly audit   'lodash.clonedeep': [ '4.5.0' ],
15 silly audit   'lodash.includes': [ '4.3.0' ],
15 silly audit   'lodash.isboolean': [ '3.0.3' ],
15 silly audit   'lodash.isinteger': [ '4.0.4' ],
15 silly audit   'lodash.isnumber': [ '3.0.3' ],
15 silly audit   'lodash.isplainobject': [ '4.0.6' ],
15 silly audit   'lodash.isstring': [ '4.0.1' ],
15 silly audit   'lodash.once': [ '4.1.1' ],
15 silly audit   long: [ '5.3.1' ],
15 silly audit   'lru-cache': [ '7.18.3', '6.0.0' ],
15 silly audit   'lru-memoizer': [ '2.3.0' ],
15 silly audit   'lru.min': [ '1.1.2' ],
15 silly audit   'math-intrinsics': [ '1.1.0' ],
15 silly audit   'media-typer': [ '0.3.0' ],
15 silly audit   'merge-descriptors': [ '1.0.3' ],
15 silly audit   methods: [ '1.1.2' ],
15 silly audit   'mime-db': [ '1.52.0' ],
15 silly audit   'mime-types': [ '2.1.35' ],
15 silly audit   minimatch: [ '3.1.2' ],
15 silly audit   mysql2: [ '3.13.0' ],
15 silly audit   'named-placeholders': [ '1.1.3' ],
15 silly audit   negotiator: [ '0.6.3' ],
15 silly audit   'node-fetch': [ '2.7.0' ],
15 silly audit   'node-forge': [ '1.3.1' ],
15 silly audit   nodemon: [ '2.0.22' ],
15 silly audit   'normalize-path': [ '3.0.0' ],
15 silly audit   'object-hash': [ '3.0.0' ],
15 silly audit   'object-inspect': [ '1.13.4' ],
15 silly audit   'on-finished': [ '2.4.1' ],
15 silly audit   once: [ '1.4.0' ],
15 silly audit   'p-limit': [ '3.1.0' ],
15 silly audit   parseurl: [ '1.3.3' ],
15 silly audit   'path-to-regexp': [ '0.1.12' ],
15 silly audit   picomatch: [ '2.3.1' ],
15 silly audit   'proto3-json-serializer': [ '2.0.2' ],
15 silly audit   protobufjs: [ '7.4.0' ],
15 silly audit   'proxy-addr': [ '2.0.7' ],
15 silly audit   'pstree.remy': [ '1.1.8' ],
15 silly audit   qs: [ '6.13.0' ],
15 silly audit   'range-parser': [ '1.2.1' ],
15 silly audit   'raw-body': [ '2.5.2' ],
15 silly audit   'readable-stream': [ '3.6.2' ],
15 silly audit   readdirp: [ '3.6.0' ],
15 silly audit   'require-directory': [ '2.1.1' ],
15 silly audit   retry: [ '0.13.1' ],
15 silly audit   'retry-request': [ '7.0.2' ],
15 silly audit   'safe-buffer': [ '5.2.1' ],
15 silly audit   'safer-buffer': [ '2.1.2' ],
15 silly audit   send: [ '0.19.0' ],
15 silly audit   'seq-queue': [ '0.0.5' ],
15 silly audit   'serve-static': [ '1.16.2' ],
15 silly audit   setprototypeof: [ '1.2.0' ],
15 silly audit   'side-channel': [ '1.1.0' ],
15 silly audit   'side-channel-list': [ '1.0.0' ],
15 silly audit   'side-channel-map': [ '1.0.1' ],
15 silly audit   'side-channel-weakmap': [ '1.0.2' ],
15 silly audit   'simple-update-notifier': [ '1.1.0' ],
15 silly audit   sqlstring: [ '2.3.3' ],
15 silly audit   statuses: [ '2.0.1' ],
15 silly audit   'stream-events': [ '1.0.5' ],
15 silly audit   'stream-shift': [ '1.0.3' ],
15 silly audit   string_decoder: [ '1.3.0' ],
15 silly audit   'string-width': [ '4.2.3' ],
15 silly audit   'strip-ansi': [ '6.0.1' ],
15 silly audit   strnum: [ '1.1.2' ],
15 silly audit   stubs: [ '3.0.0' ],
15 silly audit   'supports-color': [ '5.5.0' ],
15 silly audit   'teeny-request': [ '9.0.0' ],
15 silly audit   'to-regex-range': [ '5.0.1' ],
15 silly audit   toidentifier: [ '1.0.1' ],
15 silly audit   touch: [ '3.1.1' ],
15 silly audit   tr46: [ '0.0.3' ],
15 silly audit   tslib: [ '2.8.1' ],
15 silly audit   'type-is': [ '1.6.18' ],
15 silly audit   undefsafe: [ '2.0.5' ],
15 silly audit   'undici-types': [ '6.20.0' ],
15 silly audit   unpipe: [ '1.0.0' ],
15 silly audit   'util-deprecate': [ '1.0.2' ],
15 silly audit   'utils-merge': [ '1.0.1' ],
15 silly audit   vary: [ '1.1.2' ],
15 silly audit   'webidl-conversions': [ '3.0.1' ],
15 silly audit   'websocket-driver': [ '0.7.4' ],
15 silly audit   'websocket-extensions': [ '0.1.4' ],
15 silly audit   'whatwg-url': [ '5.0.0' ],
15 silly audit   'wrap-ansi': [ '7.0.0' ],
15 silly audit   wrappy: [ '1.0.2' ],
15 silly audit   y18n: [ '5.0.8' ],
15 silly audit   yallist: [ '4.0.0' ],
15 silly audit   yargs: [ '17.7.2' ],
15 silly audit   'yargs-parser': [ '21.1.1' ],
15 silly audit   'yocto-queue': [ '0.1.0' ]
15 silly audit }
16 http fetch POST 200 https://registry.npmjs.org/-/npm/v1/security/advisories/bulk 388ms
17 silly audit report {
17 silly audit report   semver: [
17 silly audit report     {
17 silly audit report       id: 1101088,
17 silly audit report       url: 'https://github.com/advisories/GHSA-c2qf-rxjj-qqgw',
17 silly audit report       title: 'semver vulnerable to Regular Expression Denial of Service',
17 silly audit report       severity: 'high',
17 silly audit report       vulnerable_versions: '>=7.0.0 <7.5.2',
17 silly audit report       cwe: [Array],
17 silly audit report       cvss: [Object]
17 silly audit report     }
17 silly audit report   ]
17 silly audit report }
18 silly packumentCache corgi:https://registry.npmjs.org/semver cache-miss
19 http fetch GET 200 https://registry.npmjs.org/semver 129ms (cache updated)
20 silly packumentCache corgi:https://registry.npmjs.org/semver set size:undefined disposed:false
21 silly packumentCache corgi:https://registry.npmjs.org/simple-update-notifier cache-miss
22 http fetch GET 200 https://registry.npmjs.org/simple-update-notifier 130ms (cache updated)
23 silly packumentCache corgi:https://registry.npmjs.org/simple-update-notifier set size:undefined disposed:false
24 silly packumentCache corgi:https://registry.npmjs.org/nodemon cache-miss
25 http fetch GET 200 https://registry.npmjs.org/nodemon 81ms (cache updated)
26 silly packumentCache corgi:https://registry.npmjs.org/nodemon set size:undefined disposed:false
27 verbose cwd /home/jo_carlos_1776
28 verbose os Linux 6.6.72+
29 verbose node v22.14.0
30 verbose npm  v11.2.0
31 verbose exit 0
32 info ok
