2025-03-12 13:22:22.672 [info] Extension host with pid 2670 started
2025-03-12 13:22:22.696 [info] Lock '/home/jo_carlos_1776/.codeoss/data/User/workspaceStorage/5e015e6a/vscode.lock': Lock acquired.
2025-03-12 13:22:23.451 [info] ExtensionService#_doActivateExtension vscode.emmet, startup: false, activationEvent: 'onLanguage'
2025-03-12 13:22:23.669 [info] ExtensionService#_doActivateExtension vscode.git-base, startup: true, activationEvent: '*', root cause: vscode.git
2025-03-12 13:22:23.676 [info] ExtensionService#_doActivateExtension vscode.npm, startup: true, activationEvent: 'workspaceContains:package.json'
2025-03-12 13:22:23.847 [info] ExtensionService#_doActivateExtension vscode.git, startup: true, activationEvent: '*'
2025-03-12 13:22:23.848 [info] ExtensionService#_doActivateExtension vscode.github, startup: true, activationEvent: '*'
2025-03-12 13:22:24.216 [info] ExtensionService#_doActivateExtension redhat.fabric8-analytics, startup: true, activationEvent: 'workspaceContains:**/package.json,**/pom.xml,**/go.mod,**/requirements.txt,**/build.gradle,**/Dockerfile,**/Containerfile'
2025-03-12 13:22:24.636 [info] Eager extensions activated
2025-03-12 13:22:24.637 [info] ExtensionService#_doActivateExtension EditorConfig.EditorConfig, startup: false, activationEvent: 'onStartupFinished'
2025-03-12 13:22:24.637 [info] ExtensionService#_doActivateExtension google.cloud-shell, startup: false, activationEvent: 'onStartupFinished'
2025-03-12 13:22:24.638 [info] ExtensionService#_doActivateExtension google.geminicodeassist, startup: false, activationEvent: 'onStartupFinished', root cause: googlecloudtools.cloudcode
2025-03-12 13:22:24.638 [info] ExtensionService#_doActivateExtension vscode.debug-auto-launch, startup: false, activationEvent: 'onStartupFinished'
2025-03-12 13:22:24.638 [info] ExtensionService#_doActivateExtension vscode.merge-conflict, startup: false, activationEvent: 'onStartupFinished'
2025-03-12 13:22:26.220 [info] ExtensionService#_doActivateExtension vscode.configuration-editing, startup: false, activationEvent: 'onLanguage:jsonc'
2025-03-12 13:22:26.220 [info] ExtensionService#_doActivateExtension vscode.json-language-features, startup: false, activationEvent: 'onLanguage:jsonc'
2025-03-12 13:22:26.221 [info] ExtensionService#_doActivateExtension vscode.typescript-language-features, startup: false, activationEvent: 'onLanguage:jsonc'
2025-03-12 13:22:26.397 [info] ExtensionService#_doActivateExtension googlecloudtools.cloudcode, startup: false, activationEvent: 'onStartupFinished'
2025-03-12 13:22:34.679 [info] ExtensionService#_doActivateExtension vscode.extension-editing, startup: false, activationEvent: 'onLanguage:json'
2025-03-12 13:24:40.890 [info] Extension host terminating: parent process 2313 does not exist anymore: kill ESRCH (code: ESRCH) (errno: -3)
2025-03-12 13:24:40.891 [info] Lock '/home/jo_carlos_1776/.codeoss/data/User/workspaceStorage/5e015e6a/vscode.lock': Marking the lockfile as scheduled to be released in 6000 ms.
2025-03-12 13:24:40.933 [info] Extension host with pid 2670 exiting with code 0
