2025-02-17 22:27:04.034 [info] [main] Log level: Info
2025-02-17 22:27:04.034 [info] [main] Validating found git in: "git"
2025-02-17 22:27:04.034 [info] [main] Using git "2.43.0" from "git"
2025-02-17 22:27:04.034 [info] [Model][doInitialScan] Initial repository scan started
2025-02-17 22:27:04.034 [info] > git rev-parse --show-toplevel [3ms]
2025-02-17 22:27:04.034 [info] fatal: not a git repository (or any parent up to mount point /)
Stopping at filesystem boundary (GIT_DISCOVERY_ACROSS_FILESYSTEM not set).
2025-02-17 22:27:04.034 [info] > git rev-parse --show-toplevel [1ms]
2025-02-17 22:27:04.034 [info] fatal: not a git repository (or any parent up to mount point /)
Stopping at filesystem boundary (GIT_DISCOVERY_ACROSS_FILESYSTEM not set).
2025-02-17 22:27:04.034 [info] > git rev-parse --show-toplevel [2ms]
2025-02-17 22:27:04.034 [info] fatal: not a git repository (or any parent up to mount point /)
Stopping at filesystem boundary (GIT_DISCOVERY_ACROSS_FILESYSTEM not set).
2025-02-17 22:27:04.034 [info] > git rev-parse --show-toplevel [1ms]
2025-02-17 22:27:04.034 [info] fatal: not a git repository (or any parent up to mount point /)
Stopping at filesystem boundary (GIT_DISCOVERY_ACROSS_FILESYSTEM not set).
2025-02-17 22:27:04.034 [info] > git rev-parse --show-toplevel [1ms]
2025-02-17 22:27:04.034 [info] fatal: not a git repository (or any parent up to mount point /)
Stopping at filesystem boundary (GIT_DISCOVERY_ACROSS_FILESYSTEM not set).
2025-02-17 22:27:04.034 [info] > git rev-parse --show-toplevel [1ms]
2025-02-17 22:27:04.034 [info] fatal: not a git repository (or any parent up to mount point /)
Stopping at filesystem boundary (GIT_DISCOVERY_ACROSS_FILESYSTEM not set).
2025-02-17 22:27:04.034 [info] > git rev-parse --show-toplevel [1ms]
2025-02-17 22:27:04.034 [info] fatal: not a git repository (or any parent up to mount point /)
Stopping at filesystem boundary (GIT_DISCOVERY_ACROSS_FILESYSTEM not set).
2025-02-17 22:27:04.034 [info] [Model][doInitialScan] Initial repository scan completed - repositories (0), closed repositories (0), parent repositories (0), unsafe repositories (0)
2025-02-17 22:27:06.970 [info] > git rev-parse --show-toplevel [44ms]
2025-02-17 22:27:06.971 [info] fatal: not a git repository (or any parent up to mount point /)
Stopping at filesystem boundary (GIT_DISCOVERY_ACROSS_FILESYSTEM not set).
2025-02-17 22:28:09.765 [info] > git rev-parse --show-toplevel [2ms]
2025-02-17 22:28:09.765 [info] fatal: not a git repository (or any parent up to mount point /)
Stopping at filesystem boundary (GIT_DISCOVERY_ACROSS_FILESYSTEM not set).
2025-02-17 22:28:14.670 [info] > git rev-parse --show-toplevel [2ms]
2025-02-17 22:28:14.670 [info] fatal: not a git repository (or any parent up to mount point /)
Stopping at filesystem boundary (GIT_DISCOVERY_ACROSS_FILESYSTEM not set).
2025-02-17 22:29:58.219 [info] > git rev-parse --show-toplevel [2ms]
2025-02-17 22:29:58.226 [info] > git rev-parse --git-dir --git-common-dir [2ms]
2025-02-17 22:29:58.236 [info] [Model][openRepository] Opened repository: /home/jo_carlos_1776/mxpfu-nodejsLabs
2025-02-17 22:29:58.250 [info] > git config --get commit.template [7ms]
2025-02-17 22:29:58.252 [info] > git for-each-ref --format=%(refname)%00%(upstream:short)%00%(objectname)%00%(upstream:track)%00%(upstream:remotename)%00%(upstream:remoteref) refs/heads/main refs/remotes/main [4ms]
2025-02-17 22:29:58.256 [warning] [Git][revParse] Unable to read file: ENOENT: no such file or directory, open '/home/jo_carlos_1776/mxpfu-nodejsLabs/.git/refs/remotes/origin/main'
2025-02-17 22:29:58.258 [info] > git rev-parse refs/remotes/origin/main [1ms]
2025-02-17 22:29:58.269 [info] > git status -z -uall [7ms]
2025-02-17 22:29:58.271 [info] > git for-each-ref --sort -committerdate --format %(refname) %(objectname) %(*objectname) [3ms]
2025-02-17 22:29:58.289 [info] > git for-each-ref --format=%(refname)%00%(upstream:short)%00%(objectname)%00%(upstream:track)%00%(upstream:remotename)%00%(upstream:remoteref) refs/heads/main refs/remotes/main [7ms]
2025-02-17 22:29:58.295 [info] > git config --get commit.template [6ms]
2025-02-17 22:29:58.300 [info] > git config --local branch.main.vscode-merge-base [6ms]
2025-02-17 22:29:58.300 [warning] [Git][config] git config failed: Failed to execute git
2025-02-17 22:29:58.305 [info] > git for-each-ref --format=%(refname)%00%(upstream:short)%00%(objectname)%00%(upstream:track)%00%(upstream:remotename)%00%(upstream:remoteref) refs/heads/main refs/remotes/main [6ms]
2025-02-17 22:29:58.309 [warning] [Git][revParse] Unable to read file: ENOENT: no such file or directory, open '/home/jo_carlos_1776/mxpfu-nodejsLabs/.git/refs/remotes/origin/main'
2025-02-17 22:29:58.311 [info] > git rev-parse refs/remotes/origin/main [2ms]
2025-02-17 22:29:58.320 [info] > git reflog main --grep-reflog=branch: Created from *. [16ms]
2025-02-17 22:29:58.324 [info] > git status -z -uall [9ms]
2025-02-17 22:29:58.324 [info] > git for-each-ref --sort -committerdate --format %(refname) %(objectname) %(*objectname) [5ms]
2025-02-17 22:29:58.334 [info] > git for-each-ref --format=%(refname)%00%(upstream:short)%00%(objectname)%00%(upstream:track)%00%(upstream:remotename)%00%(upstream:remoteref) refs/heads/main refs/remotes/main [3ms]
2025-02-17 22:29:58.338 [info] > git symbolic-ref --short refs/remotes/origin/HEAD [14ms]
2025-02-17 22:29:58.342 [info] > git config --local branch.main.vscode-merge-base [5ms]
2025-02-17 22:29:58.342 [warning] [Git][config] git config failed: Failed to execute git
2025-02-17 22:29:58.346 [info] > git for-each-ref --format=%(refname)%00%(upstream:short)%00%(objectname)%00%(upstream:track)%00%(upstream:remotename)%00%(upstream:remoteref) refs/heads/origin/main refs/remotes/origin/main [5ms]
2025-02-17 22:29:58.352 [info] > git reflog main --grep-reflog=branch: Created from *. [6ms]
2025-02-17 22:29:58.357 [info] > git config --local branch.main.vscode-merge-base origin/main [4ms]
2025-02-17 22:29:58.362 [info] > git symbolic-ref --short refs/remotes/origin/HEAD [5ms]
2025-02-17 22:29:58.366 [info] > git config --get commit.template [5ms]
2025-02-17 22:29:58.370 [info] > git for-each-ref --format=%(refname)%00%(upstream:short)%00%(objectname)%00%(upstream:track)%00%(upstream:remotename)%00%(upstream:remoteref) refs/heads/origin/main refs/remotes/origin/main [5ms]
2025-02-17 22:29:58.375 [info] > git for-each-ref --format=%(refname)%00%(upstream:short)%00%(objectname)%00%(upstream:track)%00%(upstream:remotename)%00%(upstream:remoteref) refs/heads/main refs/remotes/main [6ms]
2025-02-17 22:29:58.379 [warning] [Git][revParse] Unable to read file: ENOENT: no such file or directory, open '/home/jo_carlos_1776/mxpfu-nodejsLabs/.git/refs/remotes/origin/main'
2025-02-17 22:29:58.380 [info] > git config --local branch.main.vscode-merge-base origin/main [5ms]
2025-02-17 22:29:58.381 [info] > git rev-parse refs/remotes/origin/main [2ms]
2025-02-17 22:29:58.421 [info] > git merge-base refs/heads/main refs/remotes/origin/main [30ms]
2025-02-17 22:29:58.426 [info] > git for-each-ref --format=%(refname)%00%(upstream:short)%00%(objectname)%00%(upstream:track)%00%(upstream:remotename)%00%(upstream:remoteref) refs/heads/main refs/remotes/main [41ms]
2025-02-17 22:29:58.431 [info] > git diff --name-status -z --diff-filter=ADMR c38675a990e0edcff2d97540f8f30cb474fc23ac...refs/remotes/origin/main [6ms]
2025-02-17 22:29:58.432 [info] > git config --get commit.template [12ms]
2025-02-17 22:29:58.439 [info] > git config --local branch.main.vscode-merge-base [9ms]
2025-02-17 22:29:58.447 [info] > git for-each-ref --format=%(refname)%00%(upstream:short)%00%(objectname)%00%(upstream:track)%00%(upstream:remotename)%00%(upstream:remoteref) refs/heads/main refs/remotes/main [10ms]
2025-02-17 22:29:58.448 [info] > git for-each-ref --format=%(refname)%00%(upstream:short)%00%(objectname)%00%(upstream:track)%00%(upstream:remotename)%00%(upstream:remoteref) refs/heads/origin/main refs/remotes/origin/main [2ms]
2025-02-17 22:29:58.453 [warning] [Git][revParse] Unable to read file: ENOENT: no such file or directory, open '/home/jo_carlos_1776/mxpfu-nodejsLabs/.git/refs/remotes/origin/main'
2025-02-17 22:29:58.455 [info] > git rev-parse refs/remotes/origin/main [2ms]
2025-02-17 22:29:58.464 [info] > git status -z -uall [5ms]
2025-02-17 22:29:58.465 [info] > git for-each-ref --sort -committerdate --format %(refname) %(objectname) %(*objectname) [2ms]
2025-02-17 22:29:59.230 [info] > git check-ignore -v -z --stdin [2ms]
2025-02-17 22:30:01.099 [info] > git config --get commit.template [5ms]
2025-02-17 22:30:01.101 [info] > git for-each-ref --format=%(refname)%00%(upstream:short)%00%(objectname)%00%(upstream:track)%00%(upstream:remotename)%00%(upstream:remoteref) refs/heads/main refs/remotes/main [2ms]
2025-02-17 22:30:01.105 [warning] [Git][revParse] Unable to read file: ENOENT: no such file or directory, open '/home/jo_carlos_1776/mxpfu-nodejsLabs/.git/refs/remotes/origin/main'
2025-02-17 22:30:01.106 [info] > git rev-parse refs/remotes/origin/main [1ms]
2025-02-17 22:30:01.115 [info] > git status -z -uall [6ms]
2025-02-17 22:30:01.116 [info] > git for-each-ref --sort -committerdate --format %(refname) %(objectname) %(*objectname) [2ms]
2025-02-17 22:30:04.490 [info] > git check-ignore -v -z --stdin [1ms]
2025-02-17 22:30:07.123 [info] > git check-ignore -v -z --stdin [1ms]
2025-02-17 22:32:21.580 [info] > git check-ignore -v -z --stdin [2ms]
2025-02-17 22:36:22.292 [info] > git config --get commit.template [4ms]
2025-02-17 22:36:22.293 [info] > git for-each-ref --format=%(refname)%00%(upstream:short)%00%(objectname)%00%(upstream:track)%00%(upstream:remotename)%00%(upstream:remoteref) refs/heads/main refs/remotes/main [1ms]
2025-02-17 22:36:22.297 [warning] [Git][revParse] Unable to read file: ENOENT: no such file or directory, open '/home/jo_carlos_1776/mxpfu-nodejsLabs/.git/refs/remotes/origin/main'
2025-02-17 22:36:22.298 [info] > git rev-parse refs/remotes/origin/main [1ms]
2025-02-17 22:36:22.310 [info] > git for-each-ref --sort -committerdate --format %(refname) %(objectname) %(*objectname) [2ms]
2025-02-17 22:36:22.313 [info] > git status -z -uall [10ms]
2025-02-17 22:36:30.318 [info] > git config --get commit.template [5ms]
2025-02-17 22:36:30.320 [info] > git for-each-ref --format=%(refname)%00%(upstream:short)%00%(objectname)%00%(upstream:track)%00%(upstream:remotename)%00%(upstream:remoteref) refs/heads/main refs/remotes/main [2ms]
2025-02-17 22:36:30.324 [warning] [Git][revParse] Unable to read file: ENOENT: no such file or directory, open '/home/jo_carlos_1776/mxpfu-nodejsLabs/.git/refs/remotes/origin/main'
2025-02-17 22:36:30.325 [info] > git rev-parse refs/remotes/origin/main [1ms]
2025-02-17 22:36:30.336 [info] > git for-each-ref --sort -committerdate --format %(refname) %(objectname) %(*objectname) [2ms]
2025-02-17 22:36:30.338 [info] > git status -z -uall [8ms]
2025-02-17 22:36:32.505 [info] > git show --textconv :routes/users.js [21ms]
2025-02-17 22:36:32.516 [info] > git ls-files --stage -- /home/jo_carlos_1776/mxpfu-nodejsLabs/routes/users.js [15ms]
2025-02-17 22:36:32.541 [info] > git cat-file -s e8d6e1470b23bcc422fc3beb10c71ac8c5d120fe [9ms]
2025-02-17 22:37:48.331 [info] > git config --get commit.template [4ms]
2025-02-17 22:37:48.332 [info] > git for-each-ref --format=%(refname)%00%(upstream:short)%00%(objectname)%00%(upstream:track)%00%(upstream:remotename)%00%(upstream:remoteref) refs/heads/main refs/remotes/main [2ms]
2025-02-17 22:37:48.335 [warning] [Git][revParse] Unable to read file: ENOENT: no such file or directory, open '/home/jo_carlos_1776/mxpfu-nodejsLabs/.git/refs/remotes/origin/main'
2025-02-17 22:37:48.336 [info] > git rev-parse refs/remotes/origin/main [1ms]
2025-02-17 22:37:48.351 [info] > git for-each-ref --sort -committerdate --format %(refname) %(objectname) %(*objectname) [8ms]
2025-02-17 22:37:48.352 [info] > git status -z -uall [13ms]
2025-02-17 22:37:54.996 [info] > git config --get commit.template [5ms]
2025-02-17 22:37:54.999 [info] > git for-each-ref --format=%(refname)%00%(upstream:short)%00%(objectname)%00%(upstream:track)%00%(upstream:remotename)%00%(upstream:remoteref) refs/heads/main refs/remotes/main [3ms]
2025-02-17 22:37:55.003 [warning] [Git][revParse] Unable to read file: ENOENT: no such file or directory, open '/home/jo_carlos_1776/mxpfu-nodejsLabs/.git/refs/remotes/origin/main'
2025-02-17 22:37:55.006 [info] > git rev-parse refs/remotes/origin/main [3ms]
2025-02-17 22:37:55.020 [info] > git status -z -uall [10ms]
2025-02-17 22:37:55.020 [info] > git for-each-ref --sort -committerdate --format %(refname) %(objectname) %(*objectname) [5ms]
2025-02-17 22:40:33.471 [info] > git config --get commit.template [5ms]
2025-02-17 22:40:33.474 [info] > git for-each-ref --format=%(refname)%00%(upstream:short)%00%(objectname)%00%(upstream:track)%00%(upstream:remotename)%00%(upstream:remoteref) refs/heads/main refs/remotes/main [4ms]
2025-02-17 22:40:33.477 [warning] [Git][revParse] Unable to read file: ENOENT: no such file or directory, open '/home/jo_carlos_1776/mxpfu-nodejsLabs/.git/refs/remotes/origin/main'
2025-02-17 22:40:33.479 [info] > git rev-parse refs/remotes/origin/main [2ms]
2025-02-17 22:40:33.489 [info] > git for-each-ref --sort -committerdate --format %(refname) %(objectname) %(*objectname) [3ms]
2025-02-17 22:40:33.490 [info] > git status -z -uall [8ms]
