2025-03-12 01:57:24.953 [info] Extension host with pid 5734 started
2025-03-12 01:57:24.997 [info] Lock '/home/jo_carlos_1776/.codeoss/data/User/workspaceStorage/5e015e6a/vscode.lock': Lock acquired.
2025-03-12 01:57:25.215 [info] ExtensionService#_doActivateExtension vscode.emmet, startup: false, activationEvent: 'onLanguage'
2025-03-12 01:57:25.216 [info] ExtensionService#_doActivateExtension vscode.configuration-editing, startup: false, activationEvent: 'onLanguage:json'
2025-03-12 01:57:25.216 [info] ExtensionService#_doActivateExtension vscode.extension-editing, startup: false, activationEvent: 'onLanguage:json'
2025-03-12 01:57:25.217 [info] ExtensionService#_doActivateExtension vscode.json-language-features, startup: false, activationEvent: 'onLanguage:json'
2025-03-12 01:57:25.217 [info] ExtensionService#_doActivateExtension vscode.npm, startup: false, activationEvent: 'onLanguage:json'
2025-03-12 01:57:26.218 [info] ExtensionService#_doActivateExtension vscode.git-base, startup: true, activationEvent: '*', root cause: vscode.git
2025-03-12 01:57:26.574 [info] ExtensionService#_doActivateExtension vscode.git, startup: true, activationEvent: '*'
2025-03-12 01:57:26.575 [info] ExtensionService#_doActivateExtension vscode.github, startup: true, activationEvent: '*'
2025-03-12 01:57:27.372 [info] ExtensionService#_doActivateExtension redhat.fabric8-analytics, startup: true, activationEvent: 'workspaceContains:**/package.json,**/pom.xml,**/go.mod,**/requirements.txt,**/build.gradle,**/Dockerfile,**/Containerfile'
2025-03-12 01:57:27.824 [warning] [Decorations] CAPPING events from decorations provider vscode.git 718
2025-03-12 01:57:27.922 [warning] [Decorations] CAPPING events from decorations provider vscode.git 718
2025-03-12 01:57:27.954 [info] Eager extensions activated
2025-03-12 01:57:27.954 [info] ExtensionService#_doActivateExtension EditorConfig.EditorConfig, startup: false, activationEvent: 'onStartupFinished'
2025-03-12 01:57:27.955 [info] ExtensionService#_doActivateExtension google.cloud-shell, startup: false, activationEvent: 'onStartupFinished'
2025-03-12 01:57:27.955 [info] ExtensionService#_doActivateExtension google.geminicodeassist, startup: false, activationEvent: 'onStartupFinished', root cause: googlecloudtools.cloudcode
2025-03-12 01:57:27.955 [info] ExtensionService#_doActivateExtension vscode.debug-auto-launch, startup: false, activationEvent: 'onStartupFinished'
2025-03-12 01:57:27.956 [info] ExtensionService#_doActivateExtension vscode.merge-conflict, startup: false, activationEvent: 'onStartupFinished'
2025-03-12 01:57:29.356 [info] ExtensionService#_doActivateExtension vscode.github-authentication, startup: false, activationEvent: 'onAuthenticationRequest:github'
2025-03-12 01:57:30.283 [info] ExtensionService#_doActivateExtension vscode.typescript-language-features, startup: false, activationEvent: 'onLanguage:jsonc'
2025-03-12 01:57:30.692 [info] ExtensionService#_doActivateExtension googlecloudtools.cloudcode, startup: false, activationEvent: 'onStartupFinished'
2025-03-12 01:57:46.877 [warning] [Decorations] CAPPING events from decorations provider vscode.git 718
2025-03-12 02:01:52.057 [error] Error: Git error
    at ChildProcess.<anonymous> (/google/devshell/editor/code-oss-for-cloud-shell/extensions/git/dist/main.js:2:253250)
    at ChildProcess.emit (node:events:531:35)
    at Process.ChildProcess._handle.onexit (node:internal/child_process:294:12)
2025-03-12 02:01:52.058 [error] Error: Git error
    at ChildProcess.<anonymous> (/google/devshell/editor/code-oss-for-cloud-shell/extensions/git/dist/main.js:2:253250)
    at ChildProcess.emit (node:events:531:35)
    at Process.ChildProcess._handle.onexit (node:internal/child_process:294:12)
2025-03-12 02:01:53.059 [error] Error: Git error
    at ChildProcess.<anonymous> (/google/devshell/editor/code-oss-for-cloud-shell/extensions/git/dist/main.js:2:253250)
    at ChildProcess.emit (node:events:531:35)
    at Process.ChildProcess._handle.onexit (node:internal/child_process:294:12)
2025-03-12 02:01:53.064 [error] Error: Git error
    at ChildProcess.<anonymous> (/google/devshell/editor/code-oss-for-cloud-shell/extensions/git/dist/main.js:2:253250)
    at ChildProcess.emit (node:events:531:35)
    at Process.ChildProcess._handle.onexit (node:internal/child_process:294:12)
2025-03-12 02:01:58.963 [error] Error: Failed to execute git
    at t.Git._exec (/google/devshell/editor/code-oss-for-cloud-shell/extensions/git/dist/main.js:2:131960)
    at t.Git.exec (/google/devshell/editor/code-oss-for-cloud-shell/extensions/git/dist/main.js:2:131028)
    at F.exec (/google/devshell/editor/code-oss-for-cloud-shell/extensions/git/dist/main.js:2:136556)
    at F.getRemotesGit (/google/devshell/editor/code-oss-for-cloud-shell/extensions/git/dist/main.js:2:157148)
    at F.getRemotes (/google/devshell/editor/code-oss-for-cloud-shell/extensions/git/dist/main.js:2:156880)
    at async Promise.all (index 1)
    at T._updateModelState (/google/devshell/editor/code-oss-for-cloud-shell/extensions/git/dist/main.js:2:255128)
    at T.updateModelState (/google/devshell/editor/code-oss-for-cloud-shell/extensions/git/dist/main.js:2:254955)
    at T.run (/google/devshell/editor/code-oss-for-cloud-shell/extensions/git/dist/main.js:2:254163)
    at T.status (/google/devshell/editor/code-oss-for-cloud-shell/extensions/git/dist/main.js:2:235170)
2025-03-12 02:35:10.099 [info] Extension host terminating: renderer disconnected for too long (2)
2025-03-12 02:35:10.100 [info] Lock '/home/jo_carlos_1776/.codeoss/data/User/workspaceStorage/5e015e6a/vscode.lock': Marking the lockfile as scheduled to be released in 6000 ms.
2025-03-12 02:35:10.154 [info] Extension host with pid 5734 exiting with code 0
