Initializing document watcher...
Document watcher initialized
jo_carlos_1776/backend/app.js: {}
/User/settings.json: Using EditorConfig core...
jo_carlos_1776/backend/app.js: {}
jo_carlos_1776/backend/app.js: {}
jo_carlos_1776/backend/app.js: {}
jo_carlos_1776/backend/app.js: {}
jo_carlos_1776/backend/app.js: {}
jo_carlos_1776/backend/app.js: {}
jo_carlos_1776/backend/app.js: {}
jo_carlos_1776/backend/app.js: {}
jo_carlos_1776/backend/app.js: {}
jo_carlos_1776/backend/app.js: {}
jo_carlos_1776/backend/db.js: {}
jo_carlos_1776/backend/db.js: Using EditorConfig core...
jo_carlos_1776/backend/db.js: {}
jo_carlos_1776/backend/db.js: {}
jo_carlos_1776/backend/db.js: {}
jo_carlos_1776/backend/db.js: {}
jo_carlos_1776/backend/db.js: {}
jo_carlos_1776/backend/db.js: {}
jo_carlos_1776/backend/db.js: {}
jo_carlos_1776/backend/db.js: {}
jo_carlos_1776/backend/db.js: {}
jo_carlos_1776/backend/db.js: {}
jo_carlos_1776/backend/db.js: Using EditorConfig core...
jo_carlos_1776/backend/db.js: {}
jo_carlos_1776/backend/db.js: Using EditorConfig core...
jo_carlos_1776/crm-frontend/src/App.js: {}
jo_carlos_1776/crm-frontend/src/App.js: {}
jo_carlos_1776/crm-frontend/src/App.js: {}
jo_carlos_1776/crm-frontend/src/App.js: {}
jo_carlos_1776/backend/db.js: {}
jo_carlos_1776/backend/db.js: {}
jo_carlos_1776/backend/db.js: Using EditorConfig core...
jo_carlos_1776/backend/db.js: {}
jo_carlos_1776/backend/db.js: {}
jo_carlos_1776/backend/db.js: {}
jo_carlos_1776/backend/db.js: {}
jo_carlos_1776/backend/db.js: Using EditorConfig core...
jo_carlos_1776/backend/db.js: {}
jo_carlos_1776/backend/db.js: {}
jo_carlos_1776/backend/db.js: {}
jo_carlos_1776/backend/db.js: {}
jo_carlos_1776/backend/db.js: {}
jo_carlos_1776/backend/db.js: {}
jo_carlos_1776/backend/db.js: {}
jo_carlos_1776/crm-frontend/src/App.js: {}
jo_carlos_1776/crm-frontend/src/App.js: {}
jo_carlos_1776/backend/db.js: {}
jo_carlos_1776/backend/db.js: {}
jo_carlos_1776/backend/app.js: {}
jo_carlos_1776/crm-frontend/src/pages/Sales.js: {}
jo_carlos_1776/estrutura.txt: {}
jo_carlos_1776/backend/db.js: {}
jo_carlos_1776/backend/db.js: {}
jo_carlos_1776/backend/db.js: {}
jo_carlos_1776/backend/db.js: {}
jo_carlos_1776/backend/db.js: Using EditorConfig core...
jo_carlos_1776/backend/db.js: {}
jo_carlos_1776/backend/db.js: {}
jo_carlos_1776/backend/db.js: Using EditorConfig core...
jo_carlos_1776/backend/db.js: {}
jo_carlos_1776/backend/db.js: {}
