2025-02-17 22:26:56.536 [info] Extension host with pid 1221 started
2025-02-17 22:26:56.550 [info] Lock '/home/jo_carlos_1776/.codeoss/data/User/workspaceStorage/-14bfd741/vscode.lock': Lock acquired.
2025-02-17 22:26:57.661 [info] ExtensionService#_doActivateExtension vscode.configuration-editing, startup: false, activationEvent: 'onLanguage:jsonc'
2025-02-17 22:26:57.662 [info] ExtensionService#_doActivateExtension vscode.json-language-features, startup: false, activationEvent: 'onLanguage:jsonc'
2025-02-17 22:26:57.662 [info] ExtensionService#_doActivateExtension vscode.typescript-language-features, startup: false, activationEvent: 'onLanguage:jsonc'
2025-02-17 22:26:57.662 [info] ExtensionService#_doActivateExtension vscode.emmet, startup: false, activationEvent: 'onLanguage'
2025-02-17 22:26:58.663 [info] ExtensionService#_doActivateExtension vscode.git-base, startup: true, activationEvent: '*', root cause: vscode.git
2025-02-17 22:27:01.774 [info] ExtensionService#_doActivateExtension vscode.git, startup: true, activationEvent: '*'
2025-02-17 22:27:01.774 [info] ExtensionService#_doActivateExtension vscode.github, startup: true, activationEvent: '*'
2025-02-17 22:27:03.063 [info] Eager extensions activated
2025-02-17 22:27:03.064 [info] ExtensionService#_doActivateExtension EditorConfig.EditorConfig, startup: false, activationEvent: 'onStartupFinished'
2025-02-17 22:27:03.064 [info] ExtensionService#_doActivateExtension google.cloud-shell, startup: false, activationEvent: 'onStartupFinished'
2025-02-17 22:27:03.065 [info] ExtensionService#_doActivateExtension google.geminicodeassist, startup: false, activationEvent: 'onStartupFinished', root cause: googlecloudtools.cloudcode
2025-02-17 22:27:03.065 [info] ExtensionService#_doActivateExtension vscode.debug-auto-launch, startup: false, activationEvent: 'onStartupFinished'
2025-02-17 22:27:03.065 [info] ExtensionService#_doActivateExtension vscode.merge-conflict, startup: false, activationEvent: 'onStartupFinished'
2025-02-17 22:27:04.775 [info] ExtensionService#_doActivateExtension googlecloudtools.cloudcode, startup: false, activationEvent: 'onStartupFinished'
2025-02-17 22:29:58.723 [info] ExtensionService#_doActivateExtension vscode.github-authentication, startup: false, activationEvent: 'onAuthenticationRequest:github'
2025-02-17 22:36:22.326 [warning] [Decorations] CAPPING events from decorations provider vscode.git 717
2025-02-17 22:36:30.347 [warning] [Decorations] CAPPING events from decorations provider vscode.git 717
2025-02-17 22:37:48.364 [warning] [Decorations] CAPPING events from decorations provider vscode.git 718
2025-02-17 22:37:55.028 [warning] [Decorations] CAPPING events from decorations provider vscode.git 718
2025-02-17 22:40:33.498 [warning] [Decorations] CAPPING events from decorations provider vscode.git 718
