2025-03-12 02:30:13.817 [info] Extension host with pid 7324 started
2025-03-12 02:30:13.817 [error] Error: EEXIST: file already exists, open '/home/jo_carlos_1776/.codeoss/data/User/workspaceStorage/5e015e6a/vscode.lock'
2025-03-12 02:30:13.822 [info] Lock '/home/jo_carlos_1776/.codeoss/data/User/workspaceStorage/5e015e6a/vscode.lock': Could not acquire lock, checking if the file is stale.
2025-03-12 02:30:13.830 [info] Lock '/home/jo_carlos_1776/.codeoss/data/User/workspaceStorage/5e015e6a/vscode.lock': The lock does not look stale, elapsed: 961 ms, giving up.
2025-03-12 02:30:13.840 [info] Lock '/home/jo_carlos_1776/.codeoss/data/User/workspaceStorage/5e015e6a-1/vscode.lock': Lock acquired.
2025-03-12 02:30:14.041 [info] ExtensionService#_doActivateExtension vscode.emmet, startup: false, activationEvent: 'onLanguage'
2025-03-12 02:30:14.043 [info] ExtensionService#_doActivateExtension vscode.typescript-language-features, startup: false, activationEvent: 'onLanguage:javascript'
2025-03-12 02:30:14.551 [info] ExtensionService#_doActivateExtension vscode.git-base, startup: true, activationEvent: '*', root cause: vscode.git
2025-03-12 02:30:14.602 [info] ExtensionService#_doActivateExtension vscode.npm, startup: true, activationEvent: 'workspaceContains:package.json'
2025-03-12 02:30:14.901 [info] ExtensionService#_doActivateExtension vscode.git, startup: true, activationEvent: '*'
2025-03-12 02:30:14.901 [info] ExtensionService#_doActivateExtension vscode.github, startup: true, activationEvent: '*'
2025-03-12 02:30:15.508 [info] ExtensionService#_doActivateExtension redhat.fabric8-analytics, startup: true, activationEvent: 'workspaceContains:**/package.json,**/pom.xml,**/go.mod,**/requirements.txt,**/build.gradle,**/Dockerfile,**/Containerfile'
2025-03-12 02:30:16.280 [info] Eager extensions activated
2025-03-12 02:30:16.280 [info] ExtensionService#_doActivateExtension EditorConfig.EditorConfig, startup: false, activationEvent: 'onStartupFinished'
2025-03-12 02:30:16.281 [info] ExtensionService#_doActivateExtension google.cloud-shell, startup: false, activationEvent: 'onStartupFinished'
2025-03-12 02:30:16.282 [info] ExtensionService#_doActivateExtension google.geminicodeassist, startup: false, activationEvent: 'onStartupFinished', root cause: googlecloudtools.cloudcode
2025-03-12 02:30:16.287 [info] ExtensionService#_doActivateExtension vscode.debug-auto-launch, startup: false, activationEvent: 'onStartupFinished'
2025-03-12 02:30:16.288 [info] ExtensionService#_doActivateExtension vscode.merge-conflict, startup: false, activationEvent: 'onStartupFinished'
2025-03-12 02:30:19.314 [info] ExtensionService#_doActivateExtension vscode.configuration-editing, startup: false, activationEvent: 'onLanguage:jsonc'
2025-03-12 02:30:19.321 [info] ExtensionService#_doActivateExtension vscode.json-language-features, startup: false, activationEvent: 'onLanguage:jsonc'
2025-03-12 02:30:19.672 [info] ExtensionService#_doActivateExtension googlecloudtools.cloudcode, startup: false, activationEvent: 'onStartupFinished'
2025-03-12 02:30:23.637 [info] ExtensionService#_doActivateExtension vscode.extension-editing, startup: false, activationEvent: 'onLanguage:json'
2025-03-12 03:21:07.737 [info] Extension host terminating: renderer disconnected for too long (2)
2025-03-12 03:21:07.738 [info] Lock '/home/jo_carlos_1776/.codeoss/data/User/workspaceStorage/5e015e6a-1/vscode.lock': Marking the lockfile as scheduled to be released in 6000 ms.
2025-03-12 03:21:07.798 [info] Extension host with pid 7324 exiting with code 0
