2025-03-12 03:53:18.870 [info] [main] Log level: Info
2025-03-12 03:53:18.870 [info] [main] Validating found git in: "git"
2025-03-12 03:53:18.870 [info] [main] Using git "2.43.0" from "git"
2025-03-12 03:53:18.870 [info] [Model][doInitialScan] Initial repository scan started
2025-03-12 03:53:18.870 [info] > git rev-parse --show-toplevel [2ms]
2025-03-12 03:53:18.870 [info] fatal: not a git repository (or any parent up to mount point /)
Stopping at filesystem boundary (GIT_DISCOVERY_ACROSS_FILESYSTEM not set).
2025-03-12 03:53:18.870 [info] > git rev-parse --show-toplevel [2ms]
2025-03-12 03:53:18.870 [info] fatal: not a git repository (or any parent up to mount point /)
Stopping at filesystem boundary (GIT_DISCOVERY_ACROSS_FILESYSTEM not set).
2025-03-12 03:53:18.870 [info] > git rev-parse --show-toplevel [9ms]
2025-03-12 03:53:18.870 [info] fatal: not a git repository (or any parent up to mount point /)
Stopping at filesystem boundary (GIT_DISCOVERY_ACROSS_FILESYSTEM not set).
2025-03-12 03:53:18.870 [info] > git rev-parse --show-toplevel [2ms]
2025-03-12 03:53:18.870 [info] fatal: not a git repository (or any parent up to mount point /)
Stopping at filesystem boundary (GIT_DISCOVERY_ACROSS_FILESYSTEM not set).
2025-03-12 03:53:18.870 [info] > git rev-parse --show-toplevel [1ms]
2025-03-12 03:53:18.870 [info] fatal: not a git repository (or any parent up to mount point /)
Stopping at filesystem boundary (GIT_DISCOVERY_ACROSS_FILESYSTEM not set).
2025-03-12 03:53:18.870 [info] > git rev-parse --show-toplevel [1ms]
2025-03-12 03:53:18.871 [info] fatal: not a git repository (or any parent up to mount point /)
Stopping at filesystem boundary (GIT_DISCOVERY_ACROSS_FILESYSTEM not set).
2025-03-12 03:53:18.871 [info] > git rev-parse --show-toplevel [1ms]
2025-03-12 03:53:18.871 [info] fatal: not a git repository (or any parent up to mount point /)
Stopping at filesystem boundary (GIT_DISCOVERY_ACROSS_FILESYSTEM not set).
2025-03-12 03:53:18.871 [info] > git rev-parse --show-toplevel [1ms]
2025-03-12 03:53:18.871 [info] fatal: not a git repository (or any parent up to mount point /)
Stopping at filesystem boundary (GIT_DISCOVERY_ACROSS_FILESYSTEM not set).
2025-03-12 03:53:18.871 [info] > git rev-parse --show-toplevel [2ms]
2025-03-12 03:53:18.871 [info] fatal: not a git repository (or any parent up to mount point /)
Stopping at filesystem boundary (GIT_DISCOVERY_ACROSS_FILESYSTEM not set).
2025-03-12 03:53:18.871 [info] > git rev-parse --show-toplevel [2ms]
2025-03-12 03:53:18.871 [info] fatal: not a git repository (or any parent up to mount point /)
Stopping at filesystem boundary (GIT_DISCOVERY_ACROSS_FILESYSTEM not set).
2025-03-12 03:53:18.871 [info] > git rev-parse --show-toplevel [2ms]
2025-03-12 03:53:18.871 [info] fatal: not a git repository (or any parent up to mount point /)
Stopping at filesystem boundary (GIT_DISCOVERY_ACROSS_FILESYSTEM not set).
2025-03-12 03:53:18.871 [info] > git rev-parse --show-toplevel [2ms]
2025-03-12 03:53:18.871 [info] fatal: not a git repository (or any parent up to mount point /)
Stopping at filesystem boundary (GIT_DISCOVERY_ACROSS_FILESYSTEM not set).
2025-03-12 03:53:18.871 [info] > git rev-parse --show-toplevel [2ms]
2025-03-12 03:53:18.871 [info] fatal: not a git repository (or any parent up to mount point /)
Stopping at filesystem boundary (GIT_DISCOVERY_ACROSS_FILESYSTEM not set).
2025-03-12 03:53:18.871 [info] [Model][doInitialScan] Initial repository scan completed - repositories (0), closed repositories (0), parent repositories (0), unsafe repositories (0)
2025-03-12 03:53:23.656 [info] > git rev-parse --show-toplevel [191ms]
2025-03-12 03:53:23.656 [info] fatal: not a git repository (or any parent up to mount point /)
Stopping at filesystem boundary (GIT_DISCOVERY_ACROSS_FILESYSTEM not set).
2025-03-12 03:53:42.438 [info] > git rev-parse --show-toplevel [12ms]
2025-03-12 03:53:42.438 [info] fatal: not a git repository (or any parent up to mount point /)
Stopping at filesystem boundary (GIT_DISCOVERY_ACROSS_FILESYSTEM not set).
2025-03-12 03:56:43.336 [info] > git rev-parse --show-toplevel [4ms]
2025-03-12 03:56:43.336 [info] fatal: not a git repository (or any parent up to mount point /)
Stopping at filesystem boundary (GIT_DISCOVERY_ACROSS_FILESYSTEM not set).
