Initializing document watcher...
Document watcher initialized
jo_carlos_1776/backend/db.js: {}
/User/settings.json: Using EditorConfig core...
jo_carlos_1776/backend/db.js: {}
jo_carlos_1776/backend/db.js: {}
jo_carlos_1776/backend/app.js: {}
jo_carlos_1776/backend/app.js: {}
jo_carlos_1776/backend/app.js: {}
jo_carlos_1776/backend/app.js: {}
jo_carlos_1776/backend/app.js: {}
jo_carlos_1776/backend/app.js: {}
jo_carlos_1776/backend/app.js: {}
jo_carlos_1776/backend/app.js: {}
jo_carlos_1776/backend/app.js: {}
jo_carlos_1776/backend/db.js: {}
jo_carlos_1776/backend/db.js: {}
jo_carlos_1776/backend/package.json: {}
jo_carlos_1776/backend/package.json: {}
jo_carlos_1776/backend/package.json: {}
jo_carlos_1776/backend/package.json: {}
jo_carlos_1776/backend/app.js: {}
jo_carlos_1776/backend/package.json: {}
jo_carlos_1776/estrutura.txt: {}
jo_carlos_1776/backend/package-lock.json: {}
jo_carlos_1776/estrutura.txt: {}
jo_carlos_1776/estrutura.txt: {}
jo_carlos_1776/estrutura.txt: {}
jo_carlos_1776/estrutura.txt: {}
jo_carlos_1776/backend/app.js: {}
jo_carlos_1776/backend/app.js: Using EditorConfig core...
jo_carlos_1776/backend/app.js: Using EditorConfig core...
jo_carlos_1776/backend/app.js: {}
jo_carlos_1776/backend/db.js: {}
jo_carlos_1776/backend/db.js: Using EditorConfig core...
jo_carlos_1776/backend/package.json: {}
jo_carlos_1776/backend/package.json: {}
jo_carlos_1776/backend/package.json: {}
jo_carlos_1776/backend/package.json: Using EditorConfig core...
jo_carlos_1776/backend/package.json: {}
jo_carlos_1776/backend/package.json: {}
jo_carlos_1776/backend/package.json: {}
jo_carlos_1776/backend/db.js: {}
jo_carlos_1776/backend/db.js: {}
jo_carlos_1776/backend/db.js: Using EditorConfig core...
jo_carlos_1776/backend/db.js: Using EditorConfig core...
jo_carlos_1776/backend/db.js: Using EditorConfig core...
