Initializing document watcher...
Document watcher initialized
jo_carlos_1776/estrutura.txt: {}
/User/settings.json: Using EditorConfig core...
jo_carlos_1776/estrutura.txt: {}
jo_carlos_1776/estrutura.txt: {}
jo_carlos_1776/backend/firebase.js: {}
jo_carlos_1776/backend/firebase.js: Using EditorConfig core...
jo_carlos_1776/backend/firebase.js: {}
jo_carlos_1776/backend/firebase.js: {}
jo_carlos_1776/backend/firebase.js: Using EditorConfig core...
jo_carlos_1776/backend/firebase.js: Using EditorConfig core...
jo_carlos_1776/backend/firebase.js: {}
jo_carlos_1776/backend/firebase.js: {}
jo_carlos_1776/backend/firebase.js: {}
jo_carlos_1776/crm-frontend/firabase.js: {}
jo_carlos_1776/crm-frontend/firabase.js: Using EditorConfig core...
jo_carlos_1776/crm-frontend/firabase.js: {}
jo_carlos_1776/crm-frontend/firabase.js: {}
jo_carlos_1776/crm-frontend/firabase.js: {}
jo_carlos_1776/crm-frontend/firabase.js: {}
