Initializing document watcher...
Document watcher initialized
jo_carlos_1776/backend/Dockerfile: {}
/User/settings.json: Using EditorConfig core...
jo_carlos_1776/backend/Dockerfile: {}
jo_carlos_1776/backend/Dockerfile: {}
jo_carlos_1776/backend/Dockerfile: {}
jo_carlos_1776/estrutura.txt: {}
jo_carlos_1776/estrutura.txt: Using EditorConfig core...
jo_carlos_1776/estrutura.txt: Using EditorConfig core...
jo_carlos_1776/estrutura.txt: Using EditorConfig core...
jo_carlos_1776/estrutura.txt: Using EditorConfig core...
jo_carlos_1776/estrutura.txt: Using EditorConfig core...
jo_carlos_1776/estrutura.txt: Using EditorConfig core...
jo_carlos_1776/estrutura.txt: Using EditorConfig core...
jo_carlos_1776/estrutura.txt: Using EditorConfig core...
jo_carlos_1776/estrutura.txt: Using EditorConfig core...
jo_carlos_1776/estrutura.txt: Using EditorConfig core...
jo_carlos_1776/estrutura.txt: Using EditorConfig core...
jo_carlos_1776/estrutura.txt: Using EditorConfig core...
jo_carlos_1776/estrutura.txt: Using EditorConfig core...
jo_carlos_1776/estrutura.txt: Using EditorConfig core...
jo_carlos_1776/estrutura.txt: {}
jo_carlos_1776/backend/app.js: {}
jo_carlos_1776/backend/app.js: {}
jo_carlos_1776/backend/app.js: {}
jo_carlos_1776/backend/app.js: {}
jo_carlos_1776/backend/db.js: {}
jo_carlos_1776/backend/db.js: {}
jo_carlos_1776/backend/db.js: {}
jo_carlos_1776/crm-frontend/src/pages/Customers.js: {}
jo_carlos_1776/crm-frontend/src/components/CustomerCard.js: {}
jo_carlos_1776/crm-frontend/src/pages/Customers.js: {}
jo_carlos_1776/crm-frontend/src/pages/Customers.js: {}
jo_carlos_1776/crm-frontend/src/pages/Dashboard.js: {}
jo_carlos_1776/crm-frontend/src/pages/Dashboard.js: {}
jo_carlos_1776/crm-frontend/src/pages/Customers.js: {}
jo_carlos_1776/crm-frontend/src/pages/Customers.js: {}
jo_carlos_1776/crm-frontend/src/pages/Customers.js: {}
jo_carlos_1776/crm-frontend/src/pages/Customers.js: {}
jo_carlos_1776/crm-frontend/src/pages/Customers.js: {}
jo_carlos_1776/crm-frontend/src/pages/Customers.js: {}
jo_carlos_1776/crm-frontend/src/pages/Customers.js: {}
jo_carlos_1776/crm-frontend/src/pages/Customers.js: {}
jo_carlos_1776/crm-frontend/src/pages/Customers.js: Using EditorConfig core...
jo_carlos_1776/crm-frontend/src/pages/Customers.js: {}
jo_carlos_1776/crm-frontend/src/pages/Customers.js: Using EditorConfig core...
jo_carlos_1776/crm-frontend/src/pages/Customers.js: {}
